Mon 11 Apr 2022 12:49:47 PM UTC
cd /home/jenkins/jenkins-home/workspace/hadoop-multibranch_PR-3259/ubuntu-focal/src
git apply --binary -v --stat --apply -p1 /home/jenkins/jenkins-home/workspace/hadoop-multibranch_PR-3259/ubuntu-focal/out/input.patch
/home/jenkins/jenkins-home/workspace/hadoop-multibranch_PR-3259/ubuntu-focal/out/input.patch:316: trailing whitespace.
    // Since Netty 4.x, the value of 0 threads would default to: 
/home/jenkins/jenkins-home/workspace/hadoop-multibranch_PR-3259/ubuntu-focal/out/input.patch:1162: trailing whitespace.
    
/home/jenkins/jenkins-home/workspace/hadoop-multibranch_PR-3259/ubuntu-focal/out/input.patch:1507: trailing whitespace.
  
/home/jenkins/jenkins-home/workspace/hadoop-multibranch_PR-3259/ubuntu-focal/out/input.patch:1606: trailing whitespace.
    
/home/jenkins/jenkins-home/workspace/hadoop-multibranch_PR-3259/ubuntu-focal/out/input.patch:1718: trailing whitespace.
    
Checking patch hadoop-mapreduce-project/hadoop-mapreduce-client/hadoop-mapreduce-client-shuffle/src/main/java/org/apache/hadoop/mapred/FadvisedChunkedFile.java...
Checking patch hadoop-mapreduce-project/hadoop-mapreduce-client/hadoop-mapreduce-client-shuffle/src/main/java/org/apache/hadoop/mapred/FadvisedFileRegion.java...
Checking patch hadoop-mapreduce-project/hadoop-mapreduce-client/hadoop-mapreduce-client-shuffle/src/main/java/org/apache/hadoop/mapred/ShuffleHandler.java...
Checking patch hadoop-mapreduce-project/hadoop-mapreduce-client/hadoop-mapreduce-client-shuffle/src/test/java/org/apache/hadoop/mapred/TestFadvisedFileRegion.java...
Checking patch hadoop-mapreduce-project/hadoop-mapreduce-client/hadoop-mapreduce-client-shuffle/src/test/java/org/apache/hadoop/mapred/TestShuffleHandler.java...
Checking patch hadoop-mapreduce-project/hadoop-mapreduce-client/hadoop-mapreduce-client-shuffle/src/test/resources/log4j.properties...
Checking patch hadoop-mapreduce-project/hadoop-mapreduce-client/pom.xml...
Checking patch hadoop-mapreduce-project/hadoop-mapreduce-client/hadoop-mapreduce-client-shuffle/src/main/java/org/apache/hadoop/mapred/ShuffleHandler.java...
Checking patch hadoop-mapreduce-project/hadoop-mapreduce-client/hadoop-mapreduce-client-shuffle/src/test/java/org/apache/hadoop/mapred/TestShuffleHandler.java...
Checking patch hadoop-mapreduce-project/hadoop-mapreduce-client/hadoop-mapreduce-client-shuffle/src/test/resources/log4j.properties...
Checking patch hadoop-mapreduce-project/hadoop-mapreduce-client/hadoop-mapreduce-client-shuffle/src/main/java/org/apache/hadoop/mapred/ShuffleHandler.java...
Checking patch hadoop-mapreduce-project/hadoop-mapreduce-client/hadoop-mapreduce-client-shuffle/src/test/java/org/apache/hadoop/mapred/TestShuffleHandler.java...
Checking patch hadoop-mapreduce-project/hadoop-mapreduce-client/hadoop-mapreduce-client-shuffle/src/main/java/org/apache/hadoop/mapred/ShuffleHandler.java...
Checking patch hadoop-mapreduce-project/hadoop-mapreduce-client/hadoop-mapreduce-client-shuffle/src/test/java/org/apache/hadoop/mapred/TestShuffleHandler.java...
Checking patch hadoop-mapreduce-project/hadoop-mapreduce-client/hadoop-mapreduce-client-shuffle/src/main/java/org/apache/hadoop/mapred/ShuffleHandler.java...
Checking patch hadoop-mapreduce-project/hadoop-mapreduce-client/hadoop-mapreduce-client-shuffle/src/test/java/org/apache/hadoop/mapred/TestShuffleHandler.java...
Checking patch hadoop-mapreduce-project/hadoop-mapreduce-client/hadoop-mapreduce-client-shuffle/src/main/java/org/apache/hadoop/mapred/ShuffleHandler.java...
Checking patch hadoop-mapreduce-project/hadoop-mapreduce-client/hadoop-mapreduce-client-shuffle/src/test/java/org/apache/hadoop/mapred/TestShuffleHandler.java...
Checking patch hadoop-mapreduce-project/hadoop-mapreduce-client/hadoop-mapreduce-client-shuffle/src/main/java/org/apache/hadoop/mapred/ShuffleHandler.java...
Checking patch hadoop-mapreduce-project/hadoop-mapreduce-client/hadoop-mapreduce-client-shuffle/src/test/java/org/apache/hadoop/mapred/TestShuffleHandler.java...
Checking patch hadoop-mapreduce-project/hadoop-mapreduce-client/hadoop-mapreduce-client-shuffle/src/main/java/org/apache/hadoop/mapred/ShuffleHandler.java...
Checking patch hadoop-mapreduce-project/hadoop-mapreduce-client/hadoop-mapreduce-client-shuffle/src/test/java/org/apache/hadoop/mapred/TestShuffleHandler.java...
Checking patch hadoop-mapreduce-project/hadoop-mapreduce-client/hadoop-mapreduce-client-shuffle/src/main/java/org/apache/hadoop/mapred/ShuffleHandler.java...
Checking patch hadoop-mapreduce-project/hadoop-mapreduce-client/hadoop-mapreduce-client-shuffle/src/test/java/org/apache/hadoop/mapred/TestShuffleHandler.java...
Checking patch hadoop-mapreduce-project/hadoop-mapreduce-client/hadoop-mapreduce-client-shuffle/src/main/java/org/apache/hadoop/mapred/ShuffleHandler.java...
Checking patch hadoop-mapreduce-project/hadoop-mapreduce-client/hadoop-mapreduce-client-shuffle/src/test/java/org/apache/hadoop/mapred/TestShuffleHandler.java...
Checking patch hadoop-mapreduce-project/hadoop-mapreduce-client/hadoop-mapreduce-client-shuffle/src/main/java/org/apache/hadoop/mapred/ShuffleHandler.java...
Checking patch hadoop-mapreduce-project/hadoop-mapreduce-client/hadoop-mapreduce-client-shuffle/src/test/java/org/apache/hadoop/mapred/TestShuffleHandler.java...
Checking patch hadoop-mapreduce-project/hadoop-mapreduce-client/hadoop-mapreduce-client-shuffle/src/main/java/org/apache/hadoop/mapred/ShuffleHandler.java...
Checking patch hadoop-mapreduce-project/hadoop-mapreduce-client/hadoop-mapreduce-client-shuffle/src/test/java/org/apache/hadoop/mapred/TestShuffleHandler.java...
Checking patch hadoop-mapreduce-project/hadoop-mapreduce-client/hadoop-mapreduce-client-shuffle/src/test/java/org/apache/hadoop/mapred/TestShuffleHandler.java...
Checking patch hadoop-mapreduce-project/hadoop-mapreduce-client/hadoop-mapreduce-client-shuffle/src/main/java/org/apache/hadoop/mapred/ShuffleHandler.java...
Checking patch hadoop-mapreduce-project/hadoop-mapreduce-client/hadoop-mapreduce-client-shuffle/src/test/java/org/apache/hadoop/mapred/TestShuffleHandler.java...
Checking patch hadoop-mapreduce-project/hadoop-mapreduce-client/hadoop-mapreduce-client-shuffle/src/test/java/org/apache/hadoop/mapred/TestShuffleHandler.java...
Checking patch hadoop-mapreduce-project/hadoop-mapreduce-client/hadoop-mapreduce-client-shuffle/src/main/java/org/apache/hadoop/mapred/ShuffleHandler.java...
Checking patch hadoop-mapreduce-project/hadoop-mapreduce-client/hadoop-mapreduce-client-shuffle/src/test/java/org/apache/hadoop/mapred/TestShuffleHandler.java...
Checking patch hadoop-mapreduce-project/hadoop-mapreduce-client/hadoop-mapreduce-client-shuffle/src/test/java/org/apache/hadoop/mapred/TestShuffleHandler.java...
Checking patch hadoop-mapreduce-project/hadoop-mapreduce-client/hadoop-mapreduce-client-shuffle/src/test/java/org/apache/hadoop/mapred/TestShuffleHandler.java...
Checking patch hadoop-mapreduce-project/hadoop-mapreduce-client/hadoop-mapreduce-client-shuffle/src/test/java/org/apache/hadoop/mapred/TestShuffleHandler.java...
Checking patch hadoop-mapreduce-project/hadoop-mapreduce-client/hadoop-mapreduce-client-shuffle/src/test/java/org/apache/hadoop/mapred/TestShuffleHandler.java...
Checking patch hadoop-mapreduce-project/hadoop-mapreduce-client/hadoop-mapreduce-client-shuffle/src/test/java/org/apache/hadoop/mapred/TestShuffleHandler.java...
Checking patch hadoop-mapreduce-project/hadoop-mapreduce-client/hadoop-mapreduce-client-shuffle/src/test/java/org/apache/hadoop/mapred/TestShuffleHandler.java...
Checking patch hadoop-mapreduce-project/hadoop-mapreduce-client/hadoop-mapreduce-client-shuffle/src/main/java/org/apache/hadoop/mapred/ShuffleHandler.java...
Checking patch hadoop-mapreduce-project/hadoop-mapreduce-client/hadoop-mapreduce-client-shuffle/src/test/java/org/apache/hadoop/mapred/TestShuffleHandler.java...
Checking patch hadoop-mapreduce-project/hadoop-mapreduce-client/hadoop-mapreduce-client-shuffle/src/test/java/org/apache/hadoop/mapred/TestShuffleHandler.java...
Checking patch hadoop-mapreduce-project/hadoop-mapreduce-client/hadoop-mapreduce-client-shuffle/src/test/java/org/apache/hadoop/mapred/TestShuffleHandler.java...
Checking patch hadoop-mapreduce-project/hadoop-mapreduce-client/hadoop-mapreduce-client-shuffle/src/test/java/org/apache/hadoop/mapred/TestShuffleHandler.java...
Checking patch hadoop-mapreduce-project/hadoop-mapreduce-client/hadoop-mapreduce-client-core/src/main/java/org/apache/hadoop/mapreduce/task/reduce/Fetcher.java...
Checking patch hadoop-mapreduce-project/hadoop-mapreduce-client/hadoop-mapreduce-client-jobclient/src/test/java/org/apache/hadoop/mapred/TestReduceFetchFromPartialMem.java...
Checking patch hadoop-mapreduce-project/hadoop-mapreduce-client/hadoop-mapreduce-client-shuffle/src/main/java/org/apache/hadoop/mapred/LoggingHttpResponseEncoder.java...
Checking patch hadoop-mapreduce-project/hadoop-mapreduce-client/hadoop-mapreduce-client-shuffle/src/test/java/org/apache/hadoop/mapred/TestShuffleHandler.java...
Checking patch hadoop-mapreduce-project/hadoop-mapreduce-client/hadoop-mapreduce-client-shuffle/src/main/java/org/apache/hadoop/mapred/LoggingHttpResponseEncoder.java...
Checking patch hadoop-mapreduce-project/hadoop-mapreduce-client/hadoop-mapreduce-client-shuffle/src/main/java/org/apache/hadoop/mapred/ShuffleHandler.java...
Checking patch hadoop-mapreduce-project/hadoop-mapreduce-client/hadoop-mapreduce-client-shuffle/src/test/java/org/apache/hadoop/mapred/TestShuffleHandler.java...
Checking patch hadoop-mapreduce-project/hadoop-mapreduce-client/hadoop-mapreduce-client-shuffle/src/main/java/org/apache/hadoop/mapred/LoggingHttpResponseEncoder.java...
Checking patch hadoop-mapreduce-project/hadoop-mapreduce-client/hadoop-mapreduce-client-shuffle/src/main/java/org/apache/hadoop/mapred/ShuffleHandler.java...
Checking patch hadoop-mapreduce-project/hadoop-mapreduce-client/hadoop-mapreduce-client-shuffle/src/test/java/org/apache/hadoop/mapred/TestShuffleHandler.java...
Checking patch hadoop-mapreduce-project/hadoop-mapreduce-client/hadoop-mapreduce-client-shuffle/src/test/resources/log4j.properties...
Checking patch hadoop-mapreduce-project/hadoop-mapreduce-client/hadoop-mapreduce-client-shuffle/src/main/java/org/apache/hadoop/mapred/ShuffleHandler.java...
Checking patch hadoop-mapreduce-project/hadoop-mapreduce-client/hadoop-mapreduce-client-shuffle/src/test/java/org/apache/hadoop/mapred/TestShuffleHandler.java...
Checking patch hadoop-mapreduce-project/hadoop-mapreduce-client/hadoop-mapreduce-client-shuffle/src/test/java/org/apache/hadoop/mapred/TestShuffleHandler.java...
Checking patch hadoop-mapreduce-project/hadoop-mapreduce-client/hadoop-mapreduce-client-shuffle/src/main/java/org/apache/hadoop/mapred/ShuffleHandler.java...
Checking patch hadoop-mapreduce-project/hadoop-mapreduce-client/hadoop-mapreduce-client-shuffle/src/test/java/org/apache/hadoop/mapred/TestShuffleHandler.java...
Checking patch hadoop-mapreduce-project/hadoop-mapreduce-client/hadoop-mapreduce-client-shuffle/src/main/java/org/apache/hadoop/mapred/ShuffleHandler.java...
Checking patch hadoop-mapreduce-project/hadoop-mapreduce-client/hadoop-mapreduce-client-shuffle/src/test/java/org/apache/hadoop/mapred/TestShuffleHandler.java...
Checking patch hadoop-client-modules/hadoop-client-runtime/pom.xml...
Applied patch hadoop-mapreduce-project/hadoop-mapreduce-client/hadoop-mapreduce-client-shuffle/src/main/java/org/apache/hadoop/mapred/FadvisedChunkedFile.java cleanly.
Applied patch hadoop-mapreduce-project/hadoop-mapreduce-client/hadoop-mapreduce-client-shuffle/src/main/java/org/apache/hadoop/mapred/FadvisedFileRegion.java cleanly.
Applied patch hadoop-mapreduce-project/hadoop-mapreduce-client/hadoop-mapreduce-client-shuffle/src/main/java/org/apache/hadoop/mapred/ShuffleHandler.java cleanly.
Applied patch hadoop-mapreduce-project/hadoop-mapreduce-client/hadoop-mapreduce-client-shuffle/src/test/java/org/apache/hadoop/mapred/TestFadvisedFileRegion.java cleanly.
Applied patch hadoop-mapreduce-project/hadoop-mapreduce-client/hadoop-mapreduce-client-shuffle/src/test/java/org/apache/hadoop/mapred/TestShuffleHandler.java cleanly.
Applied patch hadoop-mapreduce-project/hadoop-mapreduce-client/hadoop-mapreduce-client-shuffle/src/test/resources/log4j.properties cleanly.
Applied patch hadoop-mapreduce-project/hadoop-mapreduce-client/pom.xml cleanly.
Applied patch hadoop-mapreduce-project/hadoop-mapreduce-client/hadoop-mapreduce-client-shuffle/src/main/java/org/apache/hadoop/mapred/ShuffleHandler.java cleanly.
Applied patch hadoop-mapreduce-project/hadoop-mapreduce-client/hadoop-mapreduce-client-shuffle/src/test/java/org/apache/hadoop/mapred/TestShuffleHandler.java cleanly.
Applied patch hadoop-mapreduce-project/hadoop-mapreduce-client/hadoop-mapreduce-client-shuffle/src/test/resources/log4j.properties cleanly.
Applied patch hadoop-mapreduce-project/hadoop-mapreduce-client/hadoop-mapreduce-client-shuffle/src/main/java/org/apache/hadoop/mapred/ShuffleHandler.java cleanly.
Applied patch hadoop-mapreduce-project/hadoop-mapreduce-client/hadoop-mapreduce-client-shuffle/src/test/java/org/apache/hadoop/mapred/TestShuffleHandler.java cleanly.
Applied patch hadoop-mapreduce-project/hadoop-mapreduce-client/hadoop-mapreduce-client-shuffle/src/main/java/org/apache/hadoop/mapred/ShuffleHandler.java cleanly.
Applied patch hadoop-mapreduce-project/hadoop-mapreduce-client/hadoop-mapreduce-client-shuffle/src/test/java/org/apache/hadoop/mapred/TestShuffleHandler.java cleanly.
Applied patch hadoop-mapreduce-project/hadoop-mapreduce-client/hadoop-mapreduce-client-shuffle/src/main/java/org/apache/hadoop/mapred/ShuffleHandler.java cleanly.
Applied patch hadoop-mapreduce-project/hadoop-mapreduce-client/hadoop-mapreduce-client-shuffle/src/test/java/org/apache/hadoop/mapred/TestShuffleHandler.java cleanly.
Applied patch hadoop-mapreduce-project/hadoop-mapreduce-client/hadoop-mapreduce-client-shuffle/src/main/java/org/apache/hadoop/mapred/ShuffleHandler.java cleanly.
Applied patch hadoop-mapreduce-project/hadoop-mapreduce-client/hadoop-mapreduce-client-shuffle/src/test/java/org/apache/hadoop/mapred/TestShuffleHandler.java cleanly.
Applied patch hadoop-mapreduce-project/hadoop-mapreduce-client/hadoop-mapreduce-client-shuffle/src/main/java/org/apache/hadoop/mapred/ShuffleHandler.java cleanly.
Applied patch hadoop-mapreduce-project/hadoop-mapreduce-client/hadoop-mapreduce-client-shuffle/src/test/java/org/apache/hadoop/mapred/TestShuffleHandler.java cleanly.
Applied patch hadoop-mapreduce-project/hadoop-mapreduce-client/hadoop-mapreduce-client-shuffle/src/main/java/org/apache/hadoop/mapred/ShuffleHandler.java cleanly.
Applied patch hadoop-mapreduce-project/hadoop-mapreduce-client/hadoop-mapreduce-client-shuffle/src/test/java/org/apache/hadoop/mapred/TestShuffleHandler.java cleanly.
Applied patch hadoop-mapreduce-project/hadoop-mapreduce-client/hadoop-mapreduce-client-shuffle/src/main/java/org/apache/hadoop/mapred/ShuffleHandler.java cleanly.
Applied patch hadoop-mapreduce-project/hadoop-mapreduce-client/hadoop-mapreduce-client-shuffle/src/test/java/org/apache/hadoop/mapred/TestShuffleHandler.java cleanly.
Applied patch hadoop-mapreduce-project/hadoop-mapreduce-client/hadoop-mapreduce-client-shuffle/src/main/java/org/apache/hadoop/mapred/ShuffleHandler.java cleanly.
Applied patch hadoop-mapreduce-project/hadoop-mapreduce-client/hadoop-mapreduce-client-shuffle/src/test/java/org/apache/hadoop/mapred/TestShuffleHandler.java cleanly.
Applied patch hadoop-mapreduce-project/hadoop-mapreduce-client/hadoop-mapreduce-client-shuffle/src/main/java/org/apache/hadoop/mapred/ShuffleHandler.java cleanly.
Applied patch hadoop-mapreduce-project/hadoop-mapreduce-client/hadoop-mapreduce-client-shuffle/src/test/java/org/apache/hadoop/mapred/TestShuffleHandler.java cleanly.
Applied patch hadoop-mapreduce-project/hadoop-mapreduce-client/hadoop-mapreduce-client-shuffle/src/main/java/org/apache/hadoop/mapred/ShuffleHandler.java cleanly.
Applied patch hadoop-mapreduce-project/hadoop-mapreduce-client/hadoop-mapreduce-client-shuffle/src/test/java/org/apache/hadoop/mapred/TestShuffleHandler.java cleanly.
Applied patch hadoop-mapreduce-project/hadoop-mapreduce-client/hadoop-mapreduce-client-shuffle/src/test/java/org/apache/hadoop/mapred/TestShuffleHandler.java cleanly.
Applied patch hadoop-mapreduce-project/hadoop-mapreduce-client/hadoop-mapreduce-client-shuffle/src/main/java/org/apache/hadoop/mapred/ShuffleHandler.java cleanly.
Applied patch hadoop-mapreduce-project/hadoop-mapreduce-client/hadoop-mapreduce-client-shuffle/src/test/java/org/apache/hadoop/mapred/TestShuffleHandler.java cleanly.
Applied patch hadoop-mapreduce-project/hadoop-mapreduce-client/hadoop-mapreduce-client-shuffle/src/test/java/org/apache/hadoop/mapred/TestShuffleHandler.java cleanly.
Applied patch hadoop-mapreduce-project/hadoop-mapreduce-client/hadoop-mapreduce-client-shuffle/src/main/java/org/apache/hadoop/mapred/ShuffleHandler.java cleanly.
Applied patch hadoop-mapreduce-project/hadoop-mapreduce-client/hadoop-mapreduce-client-shuffle/src/test/java/org/apache/hadoop/mapred/TestShuffleHandler.java cleanly.
Applied patch hadoop-mapreduce-project/hadoop-mapreduce-client/hadoop-mapreduce-client-shuffle/src/test/java/org/apache/hadoop/mapred/TestShuffleHandler.java cleanly.
Applied patch hadoop-mapreduce-project/hadoop-mapreduce-client/hadoop-mapreduce-client-shuffle/src/test/java/org/apache/hadoop/mapred/TestShuffleHandler.java cleanly.
Applied patch hadoop-mapreduce-project/hadoop-mapreduce-client/hadoop-mapreduce-client-shuffle/src/test/java/org/apache/hadoop/mapred/TestShuffleHandler.java cleanly.
Applied patch hadoop-mapreduce-project/hadoop-mapreduce-client/hadoop-mapreduce-client-shuffle/src/test/java/org/apache/hadoop/mapred/TestShuffleHandler.java cleanly.
Applied patch hadoop-mapreduce-project/hadoop-mapreduce-client/hadoop-mapreduce-client-shuffle/src/test/java/org/apache/hadoop/mapred/TestShuffleHandler.java cleanly.
Applied patch hadoop-mapreduce-project/hadoop-mapreduce-client/hadoop-mapreduce-client-shuffle/src/test/java/org/apache/hadoop/mapred/TestShuffleHandler.java cleanly.
Applied patch hadoop-mapreduce-project/hadoop-mapreduce-client/hadoop-mapreduce-client-shuffle/src/main/java/org/apache/hadoop/mapred/ShuffleHandler.java cleanly.
Applied patch hadoop-mapreduce-project/hadoop-mapreduce-client/hadoop-mapreduce-client-shuffle/src/test/java/org/apache/hadoop/mapred/TestShuffleHandler.java cleanly.
Applied patch hadoop-mapreduce-project/hadoop-mapreduce-client/hadoop-mapreduce-client-shuffle/src/test/java/org/apache/hadoop/mapred/TestShuffleHandler.java cleanly.
Applied patch hadoop-mapreduce-project/hadoop-mapreduce-client/hadoop-mapreduce-client-shuffle/src/test/java/org/apache/hadoop/mapred/TestShuffleHandler.java cleanly.
Applied patch hadoop-mapreduce-project/hadoop-mapreduce-client/hadoop-mapreduce-client-shuffle/src/test/java/org/apache/hadoop/mapred/TestShuffleHandler.java cleanly.
Applied patch hadoop-mapreduce-project/hadoop-mapreduce-client/hadoop-mapreduce-client-core/src/main/java/org/apache/hadoop/mapreduce/task/reduce/Fetcher.java cleanly.
Applied patch hadoop-mapreduce-project/hadoop-mapreduce-client/hadoop-mapreduce-client-jobclient/src/test/java/org/apache/hadoop/mapred/TestReduceFetchFromPartialMem.java cleanly.
Applied patch hadoop-mapreduce-project/hadoop-mapreduce-client/hadoop-mapreduce-client-shuffle/src/main/java/org/apache/hadoop/mapred/LoggingHttpResponseEncoder.java cleanly.
Applied patch hadoop-mapreduce-project/hadoop-mapreduce-client/hadoop-mapreduce-client-shuffle/src/test/java/org/apache/hadoop/mapred/TestShuffleHandler.java cleanly.
Applied patch hadoop-mapreduce-project/hadoop-mapreduce-client/hadoop-mapreduce-client-shuffle/src/main/java/org/apache/hadoop/mapred/LoggingHttpResponseEncoder.java cleanly.
Applied patch hadoop-mapreduce-project/hadoop-mapreduce-client/hadoop-mapreduce-client-shuffle/src/main/java/org/apache/hadoop/mapred/ShuffleHandler.java cleanly.
Applied patch hadoop-mapreduce-project/hadoop-mapreduce-client/hadoop-mapreduce-client-shuffle/src/test/java/org/apache/hadoop/mapred/TestShuffleHandler.java cleanly.
Applied patch hadoop-mapreduce-project/hadoop-mapreduce-client/hadoop-mapreduce-client-shuffle/src/main/java/org/apache/hadoop/mapred/LoggingHttpResponseEncoder.java cleanly.
Applied patch hadoop-mapreduce-project/hadoop-mapreduce-client/hadoop-mapreduce-client-shuffle/src/main/java/org/apache/hadoop/mapred/ShuffleHandler.java cleanly.
Applied patch hadoop-mapreduce-project/hadoop-mapreduce-client/hadoop-mapreduce-client-shuffle/src/test/java/org/apache/hadoop/mapred/TestShuffleHandler.java cleanly.
Applied patch hadoop-mapreduce-project/hadoop-mapreduce-client/hadoop-mapreduce-client-shuffle/src/test/resources/log4j.properties cleanly.
Applied patch hadoop-mapreduce-project/hadoop-mapreduce-client/hadoop-mapreduce-client-shuffle/src/main/java/org/apache/hadoop/mapred/ShuffleHandler.java cleanly.
Applied patch hadoop-mapreduce-project/hadoop-mapreduce-client/hadoop-mapreduce-client-shuffle/src/test/java/org/apache/hadoop/mapred/TestShuffleHandler.java cleanly.
Applied patch hadoop-mapreduce-project/hadoop-mapreduce-client/hadoop-mapreduce-client-shuffle/src/test/java/org/apache/hadoop/mapred/TestShuffleHandler.java cleanly.
Applied patch hadoop-mapreduce-project/hadoop-mapreduce-client/hadoop-mapreduce-client-shuffle/src/main/java/org/apache/hadoop/mapred/ShuffleHandler.java cleanly.
Applied patch hadoop-mapreduce-project/hadoop-mapreduce-client/hadoop-mapreduce-client-shuffle/src/test/java/org/apache/hadoop/mapred/TestShuffleHandler.java cleanly.
Applied patch hadoop-mapreduce-project/hadoop-mapreduce-client/hadoop-mapreduce-client-shuffle/src/main/java/org/apache/hadoop/mapred/ShuffleHandler.java cleanly.
Applied patch hadoop-mapreduce-project/hadoop-mapreduce-client/hadoop-mapreduce-client-shuffle/src/test/java/org/apache/hadoop/mapred/TestShuffleHandler.java cleanly.
Applied patch hadoop-client-modules/hadoop-client-runtime/pom.xml cleanly.
 .../apache/hadoop/mapred/FadvisedChunkedFile.java  |   17 -
 .../apache/hadoop/mapred/FadvisedFileRegion.java   |   15 
 .../org/apache/hadoop/mapred/ShuffleHandler.java   |  231 ++++----
 .../hadoop/mapred/TestFadvisedFileRegion.java      |    2 
 .../apache/hadoop/mapred/TestShuffleHandler.java   |   67 +-
 .../src/test/resources/log4j.properties            |    2 
 .../hadoop-mapreduce-client/pom.xml                |    2 
 .../org/apache/hadoop/mapred/ShuffleHandler.java   |    7 
 .../apache/hadoop/mapred/TestShuffleHandler.java   |    2 
 .../src/test/resources/log4j.properties            |    2 
 .../org/apache/hadoop/mapred/ShuffleHandler.java   |    2 
 .../apache/hadoop/mapred/TestShuffleHandler.java   |   27 -
 .../org/apache/hadoop/mapred/ShuffleHandler.java   |   24 +
 .../apache/hadoop/mapred/TestShuffleHandler.java   |   73 ++
 .../org/apache/hadoop/mapred/ShuffleHandler.java   |   78 ++-
 .../apache/hadoop/mapred/TestShuffleHandler.java   |  607 +++++++++++++++-----
 .../org/apache/hadoop/mapred/ShuffleHandler.java   |   11 
 .../apache/hadoop/mapred/TestShuffleHandler.java   |    3 
 .../org/apache/hadoop/mapred/ShuffleHandler.java   |    4 
 .../apache/hadoop/mapred/TestShuffleHandler.java   |    2 
 .../org/apache/hadoop/mapred/ShuffleHandler.java   |    9 
 .../apache/hadoop/mapred/TestShuffleHandler.java   |  111 +++-
 .../org/apache/hadoop/mapred/ShuffleHandler.java   |   10 
 .../apache/hadoop/mapred/TestShuffleHandler.java   |    4 
 .../org/apache/hadoop/mapred/ShuffleHandler.java   |   14 
 .../apache/hadoop/mapred/TestShuffleHandler.java   |   85 +++
 .../org/apache/hadoop/mapred/ShuffleHandler.java   |   21 +
 .../apache/hadoop/mapred/TestShuffleHandler.java   |    2 
 .../org/apache/hadoop/mapred/ShuffleHandler.java   |   23 -
 .../apache/hadoop/mapred/TestShuffleHandler.java   |   50 +-
 .../apache/hadoop/mapred/TestShuffleHandler.java   |   10 
 .../org/apache/hadoop/mapred/ShuffleHandler.java   |   58 +-
 .../apache/hadoop/mapred/TestShuffleHandler.java   |   34 +
 .../apache/hadoop/mapred/TestShuffleHandler.java   |   10 
 .../org/apache/hadoop/mapred/ShuffleHandler.java   |    5 
 .../apache/hadoop/mapred/TestShuffleHandler.java   |   26 +
 .../apache/hadoop/mapred/TestShuffleHandler.java   |   34 +
 .../apache/hadoop/mapred/TestShuffleHandler.java   |   16 -
 .../apache/hadoop/mapred/TestShuffleHandler.java   |   80 ++-
 .../apache/hadoop/mapred/TestShuffleHandler.java   |   34 +
 .../apache/hadoop/mapred/TestShuffleHandler.java   |    8 
 .../apache/hadoop/mapred/TestShuffleHandler.java   |   41 +
 .../org/apache/hadoop/mapred/ShuffleHandler.java   |   11 
 .../apache/hadoop/mapred/TestShuffleHandler.java   |   28 -
 .../apache/hadoop/mapred/TestShuffleHandler.java   |    7 
 .../apache/hadoop/mapred/TestShuffleHandler.java   |   51 +-
 .../apache/hadoop/mapred/TestShuffleHandler.java   |    6 
 .../hadoop/mapreduce/task/reduce/Fetcher.java      |   11 
 .../mapred/TestReduceFetchFromPartialMem.java      |    5 
 .../hadoop/mapred/LoggingHttpResponseEncoder.java  |  100 +++
 .../apache/hadoop/mapred/TestShuffleHandler.java   |   75 --
 .../hadoop/mapred/LoggingHttpResponseEncoder.java  |   34 +
 .../org/apache/hadoop/mapred/ShuffleHandler.java   |  122 +++-
 .../apache/hadoop/mapred/TestShuffleHandler.java   |  405 ++++++++++---
 .../hadoop/mapred/LoggingHttpResponseEncoder.java  |   22 -
 .../org/apache/hadoop/mapred/ShuffleHandler.java   |  142 ++---
 .../apache/hadoop/mapred/TestShuffleHandler.java   |   65 +-
 .../src/test/resources/log4j.properties            |    2 
 .../org/apache/hadoop/mapred/ShuffleHandler.java   |   21 -
 .../apache/hadoop/mapred/TestShuffleHandler.java   |   12 
 .../apache/hadoop/mapred/TestShuffleHandler.java   |   13 
 .../org/apache/hadoop/mapred/ShuffleHandler.java   |    6 
 .../apache/hadoop/mapred/TestShuffleHandler.java   |   29 +
 .../org/apache/hadoop/mapred/ShuffleHandler.java   |    5 
 .../apache/hadoop/mapred/TestShuffleHandler.java   |  107 ++--
 .../hadoop-client-runtime/pom.xml                  |    1 
 66 files changed, 2071 insertions(+warning: squelched 58 whitespace errors
warning: 63 lines add whitespace errors.
), 1072 deletions(-)
