Mon Apr 11 10:36:43 UTC 2022
cd /home/jenkins/jenkins-home/workspace/hadoop-multibranch_PR-3259/ubuntu-focal/src
git apply --binary -v --check -p0 /home/jenkins/jenkins-home/workspace/hadoop-multibranch_PR-3259/ubuntu-focal/out/input.patch
Checking patch a/hadoop-mapreduce-project/hadoop-mapreduce-client/hadoop-mapreduce-client-shuffle/src/main/java/org/apache/hadoop/mapred/FadvisedChunkedFile.java => b/hadoop-mapreduce-project/hadoop-mapreduce-client/hadoop-mapreduce-client-shuffle/src/main/java/org/apache/hadoop/mapred/FadvisedChunkedFile.java...
error: a/hadoop-mapreduce-project/hadoop-mapreduce-client/hadoop-mapreduce-client-shuffle/src/main/java/org/apache/hadoop/mapred/FadvisedChunkedFile.java: No such file or directory
Checking patch a/hadoop-mapreduce-project/hadoop-mapreduce-client/hadoop-mapreduce-client-shuffle/src/main/java/org/apache/hadoop/mapred/FadvisedFileRegion.java => b/hadoop-mapreduce-project/hadoop-mapreduce-client/hadoop-mapreduce-client-shuffle/src/main/java/org/apache/hadoop/mapred/FadvisedFileRegion.java...
error: a/hadoop-mapreduce-project/hadoop-mapreduce-client/hadoop-mapreduce-client-shuffle/src/main/java/org/apache/hadoop/mapred/FadvisedFileRegion.java: No such file or directory
Checking patch a/hadoop-mapreduce-project/hadoop-mapreduce-client/hadoop-mapreduce-client-shuffle/src/main/java/org/apache/hadoop/mapred/ShuffleHandler.java => b/hadoop-mapreduce-project/hadoop-mapreduce-client/hadoop-mapreduce-client-shuffle/src/main/java/org/apache/hadoop/mapred/ShuffleHandler.java...
error: a/hadoop-mapreduce-project/hadoop-mapreduce-client/hadoop-mapreduce-client-shuffle/src/main/java/org/apache/hadoop/mapred/ShuffleHandler.java: No such file or directory
Checking patch a/hadoop-mapreduce-project/hadoop-mapreduce-client/hadoop-mapreduce-client-shuffle/src/test/java/org/apache/hadoop/mapred/TestFadvisedFileRegion.java => b/hadoop-mapreduce-project/hadoop-mapreduce-client/hadoop-mapreduce-client-shuffle/src/test/java/org/apache/hadoop/mapred/TestFadvisedFileRegion.java...
error: a/hadoop-mapreduce-project/hadoop-mapreduce-client/hadoop-mapreduce-client-shuffle/src/test/java/org/apache/hadoop/mapred/TestFadvisedFileRegion.java: No such file or directory
Checking patch a/hadoop-mapreduce-project/hadoop-mapreduce-client/hadoop-mapreduce-client-shuffle/src/test/java/org/apache/hadoop/mapred/TestShuffleHandler.java => b/hadoop-mapreduce-project/hadoop-mapreduce-client/hadoop-mapreduce-client-shuffle/src/test/java/org/apache/hadoop/mapred/TestShuffleHandler.java...
error: a/hadoop-mapreduce-project/hadoop-mapreduce-client/hadoop-mapreduce-client-shuffle/src/test/java/org/apache/hadoop/mapred/TestShuffleHandler.java: No such file or directory
Checking patch a/hadoop-mapreduce-project/hadoop-mapreduce-client/hadoop-mapreduce-client-shuffle/src/test/resources/log4j.properties => b/hadoop-mapreduce-project/hadoop-mapreduce-client/hadoop-mapreduce-client-shuffle/src/test/resources/log4j.properties...
error: a/hadoop-mapreduce-project/hadoop-mapreduce-client/hadoop-mapreduce-client-shuffle/src/test/resources/log4j.properties: No such file or directory
Checking patch a/hadoop-mapreduce-project/hadoop-mapreduce-client/pom.xml => b/hadoop-mapreduce-project/hadoop-mapreduce-client/pom.xml...
error: a/hadoop-mapreduce-project/hadoop-mapreduce-client/pom.xml: No such file or directory
Checking patch a/hadoop-mapreduce-project/hadoop-mapreduce-client/hadoop-mapreduce-client-shuffle/src/main/java/org/apache/hadoop/mapred/ShuffleHandler.java => b/hadoop-mapreduce-project/hadoop-mapreduce-client/hadoop-mapreduce-client-shuffle/src/main/java/org/apache/hadoop/mapred/ShuffleHandler.java...
error: a/hadoop-mapreduce-project/hadoop-mapreduce-client/hadoop-mapreduce-client-shuffle/src/main/java/org/apache/hadoop/mapred/ShuffleHandler.java: No such file or directory
Checking patch a/hadoop-mapreduce-project/hadoop-mapreduce-client/hadoop-mapreduce-client-shuffle/src/test/java/org/apache/hadoop/mapred/TestShuffleHandler.java => b/hadoop-mapreduce-project/hadoop-mapreduce-client/hadoop-mapreduce-client-shuffle/src/test/java/org/apache/hadoop/mapred/TestShuffleHandler.java...
error: a/hadoop-mapreduce-project/hadoop-mapreduce-client/hadoop-mapreduce-client-shuffle/src/test/java/org/apache/hadoop/mapred/TestShuffleHandler.java: No such file or directory
Checking patch a/hadoop-mapreduce-project/hadoop-mapreduce-client/hadoop-mapreduce-client-shuffle/src/test/resources/log4j.properties => b/hadoop-mapreduce-project/hadoop-mapreduce-client/hadoop-mapreduce-client-shuffle/src/test/resources/log4j.properties...
error: a/hadoop-mapreduce-project/hadoop-mapreduce-client/hadoop-mapreduce-client-shuffle/src/test/resources/log4j.properties: No such file or directory
Checking patch a/hadoop-mapreduce-project/hadoop-mapreduce-client/hadoop-mapreduce-client-shuffle/src/main/java/org/apache/hadoop/mapred/ShuffleHandler.java => b/hadoop-mapreduce-project/hadoop-mapreduce-client/hadoop-mapreduce-client-shuffle/src/main/java/org/apache/hadoop/mapred/ShuffleHandler.java...
error: a/hadoop-mapreduce-project/hadoop-mapreduce-client/hadoop-mapreduce-client-shuffle/src/main/java/org/apache/hadoop/mapred/ShuffleHandler.java: No such file or directory
Checking patch a/hadoop-mapreduce-project/hadoop-mapreduce-client/hadoop-mapreduce-client-shuffle/src/test/java/org/apache/hadoop/mapred/TestShuffleHandler.java => b/hadoop-mapreduce-project/hadoop-mapreduce-client/hadoop-mapreduce-client-shuffle/src/test/java/org/apache/hadoop/mapred/TestShuffleHandler.java...
error: a/hadoop-mapreduce-project/hadoop-mapreduce-client/hadoop-mapreduce-client-shuffle/src/test/java/org/apache/hadoop/mapred/TestShuffleHandler.java: No such file or directory
Checking patch a/hadoop-mapreduce-project/hadoop-mapreduce-client/hadoop-mapreduce-client-shuffle/src/main/java/org/apache/hadoop/mapred/ShuffleHandler.java => b/hadoop-mapreduce-project/hadoop-mapreduce-client/hadoop-mapreduce-client-shuffle/src/main/java/org/apache/hadoop/mapred/ShuffleHandler.java...
error: a/hadoop-mapreduce-project/hadoop-mapreduce-client/hadoop-mapreduce-client-shuffle/src/main/java/org/apache/hadoop/mapred/ShuffleHandler.java: No such file or directory
Checking patch a/hadoop-mapreduce-project/hadoop-mapreduce-client/hadoop-mapreduce-client-shuffle/src/test/java/org/apache/hadoop/mapred/TestShuffleHandler.java => b/hadoop-mapreduce-project/hadoop-mapreduce-client/hadoop-mapreduce-client-shuffle/src/test/java/org/apache/hadoop/mapred/TestShuffleHandler.java...
error: a/hadoop-mapreduce-project/hadoop-mapreduce-client/hadoop-mapreduce-client-shuffle/src/test/java/org/apache/hadoop/mapred/TestShuffleHandler.java: No such file or directory
Checking patch a/hadoop-mapreduce-project/hadoop-mapreduce-client/hadoop-mapreduce-client-shuffle/src/main/java/org/apache/hadoop/mapred/ShuffleHandler.java => b/hadoop-mapreduce-project/hadoop-mapreduce-client/hadoop-mapreduce-client-shuffle/src/main/java/org/apache/hadoop/mapred/ShuffleHandler.java...
error: a/hadoop-mapreduce-project/hadoop-mapreduce-client/hadoop-mapreduce-client-shuffle/src/main/java/org/apache/hadoop/mapred/ShuffleHandler.java: No such file or directory
Checking patch a/hadoop-mapreduce-project/hadoop-mapreduce-client/hadoop-mapreduce-client-shuffle/src/test/java/org/apache/hadoop/mapred/TestShuffleHandler.java => b/hadoop-mapreduce-project/hadoop-mapreduce-client/hadoop-mapreduce-client-shuffle/src/test/java/org/apache/hadoop/mapred/TestShuffleHandler.java...
error: a/hadoop-mapreduce-project/hadoop-mapreduce-client/hadoop-mapreduce-client-shuffle/src/test/java/org/apache/hadoop/mapred/TestShuffleHandler.java: No such file or directory
Checking patch a/hadoop-mapreduce-project/hadoop-mapreduce-client/hadoop-mapreduce-client-shuffle/src/main/java/org/apache/hadoop/mapred/ShuffleHandler.java => b/hadoop-mapreduce-project/hadoop-mapreduce-client/hadoop-mapreduce-client-shuffle/src/main/java/org/apache/hadoop/mapred/ShuffleHandler.java...
error: a/hadoop-mapreduce-project/hadoop-mapreduce-client/hadoop-mapreduce-client-shuffle/src/main/java/org/apache/hadoop/mapred/ShuffleHandler.java: No such file or directory
Checking patch a/hadoop-mapreduce-project/hadoop-mapreduce-client/hadoop-mapreduce-client-shuffle/src/test/java/org/apache/hadoop/mapred/TestShuffleHandler.java => b/hadoop-mapreduce-project/hadoop-mapreduce-client/hadoop-mapreduce-client-shuffle/src/test/java/org/apache/hadoop/mapred/TestShuffleHandler.java...
error: a/hadoop-mapreduce-project/hadoop-mapreduce-client/hadoop-mapreduce-client-shuffle/src/test/java/org/apache/hadoop/mapred/TestShuffleHandler.java: No such file or directory
Checking patch a/hadoop-mapreduce-project/hadoop-mapreduce-client/hadoop-mapreduce-client-shuffle/src/main/java/org/apache/hadoop/mapred/ShuffleHandler.java => b/hadoop-mapreduce-project/hadoop-mapreduce-client/hadoop-mapreduce-client-shuffle/src/main/java/org/apache/hadoop/mapred/ShuffleHandler.java...
error: a/hadoop-mapreduce-project/hadoop-mapreduce-client/hadoop-mapreduce-client-shuffle/src/main/java/org/apache/hadoop/mapred/ShuffleHandler.java: No such file or directory
Checking patch a/hadoop-mapreduce-project/hadoop-mapreduce-client/hadoop-mapreduce-client-shuffle/src/test/java/org/apache/hadoop/mapred/TestShuffleHandler.java => b/hadoop-mapreduce-project/hadoop-mapreduce-client/hadoop-mapreduce-client-shuffle/src/test/java/org/apache/hadoop/mapred/TestShuffleHandler.java...
error: a/hadoop-mapreduce-project/hadoop-mapreduce-client/hadoop-mapreduce-client-shuffle/src/test/java/org/apache/hadoop/mapred/TestShuffleHandler.java: No such file or directory
Checking patch a/hadoop-mapreduce-project/hadoop-mapreduce-client/hadoop-mapreduce-client-shuffle/src/main/java/org/apache/hadoop/mapred/ShuffleHandler.java => b/hadoop-mapreduce-project/hadoop-mapreduce-client/hadoop-mapreduce-client-shuffle/src/main/java/org/apache/hadoop/mapred/ShuffleHandler.java...
error: a/hadoop-mapreduce-project/hadoop-mapreduce-client/hadoop-mapreduce-client-shuffle/src/main/java/org/apache/hadoop/mapred/ShuffleHandler.java: No such file or directory
Checking patch a/hadoop-mapreduce-project/hadoop-mapreduce-client/hadoop-mapreduce-client-shuffle/src/test/java/org/apache/hadoop/mapred/TestShuffleHandler.java => b/hadoop-mapreduce-project/hadoop-mapreduce-client/hadoop-mapreduce-client-shuffle/src/test/java/org/apache/hadoop/mapred/TestShuffleHandler.java...
error: a/hadoop-mapreduce-project/hadoop-mapreduce-client/hadoop-mapreduce-client-shuffle/src/test/java/org/apache/hadoop/mapred/TestShuffleHandler.java: No such file or directory
Checking patch a/hadoop-mapreduce-project/hadoop-mapreduce-client/hadoop-mapreduce-client-shuffle/src/main/java/org/apache/hadoop/mapred/ShuffleHandler.java => b/hadoop-mapreduce-project/hadoop-mapreduce-client/hadoop-mapreduce-client-shuffle/src/main/java/org/apache/hadoop/mapred/ShuffleHandler.java...
error: a/hadoop-mapreduce-project/hadoop-mapreduce-client/hadoop-mapreduce-client-shuffle/src/main/java/org/apache/hadoop/mapred/ShuffleHandler.java: No such file or directory
Checking patch a/hadoop-mapreduce-project/hadoop-mapreduce-client/hadoop-mapreduce-client-shuffle/src/test/java/org/apache/hadoop/mapred/TestShuffleHandler.java => b/hadoop-mapreduce-project/hadoop-mapreduce-client/hadoop-mapreduce-client-shuffle/src/test/java/org/apache/hadoop/mapred/TestShuffleHandler.java...
error: a/hadoop-mapreduce-project/hadoop-mapreduce-client/hadoop-mapreduce-client-shuffle/src/test/java/org/apache/hadoop/mapred/TestShuffleHandler.java: No such file or directory
Checking patch a/hadoop-mapreduce-project/hadoop-mapreduce-client/hadoop-mapreduce-client-shuffle/src/main/java/org/apache/hadoop/mapred/ShuffleHandler.java => b/hadoop-mapreduce-project/hadoop-mapreduce-client/hadoop-mapreduce-client-shuffle/src/main/java/org/apache/hadoop/mapred/ShuffleHandler.java...
error: a/hadoop-mapreduce-project/hadoop-mapreduce-client/hadoop-mapreduce-client-shuffle/src/main/java/org/apache/hadoop/mapred/ShuffleHandler.java: No such file or directory
Checking patch a/hadoop-mapreduce-project/hadoop-mapreduce-client/hadoop-mapreduce-client-shuffle/src/test/java/org/apache/hadoop/mapred/TestShuffleHandler.java => b/hadoop-mapreduce-project/hadoop-mapreduce-client/hadoop-mapreduce-client-shuffle/src/test/java/org/apache/hadoop/mapred/TestShuffleHandler.java...
error: a/hadoop-mapreduce-project/hadoop-mapreduce-client/hadoop-mapreduce-client-shuffle/src/test/java/org/apache/hadoop/mapred/TestShuffleHandler.java: No such file or directory
Checking patch a/hadoop-mapreduce-project/hadoop-mapreduce-client/hadoop-mapreduce-client-shuffle/src/main/java/org/apache/hadoop/mapred/ShuffleHandler.java => b/hadoop-mapreduce-project/hadoop-mapreduce-client/hadoop-mapreduce-client-shuffle/src/main/java/org/apache/hadoop/mapred/ShuffleHandler.java...
error: a/hadoop-mapreduce-project/hadoop-mapreduce-client/hadoop-mapreduce-client-shuffle/src/main/java/org/apache/hadoop/mapred/ShuffleHandler.java: No such file or directory
Checking patch a/hadoop-mapreduce-project/hadoop-mapreduce-client/hadoop-mapreduce-client-shuffle/src/test/java/org/apache/hadoop/mapred/TestShuffleHandler.java => b/hadoop-mapreduce-project/hadoop-mapreduce-client/hadoop-mapreduce-client-shuffle/src/test/java/org/apache/hadoop/mapred/TestShuffleHandler.java...
error: a/hadoop-mapreduce-project/hadoop-mapreduce-client/hadoop-mapreduce-client-shuffle/src/test/java/org/apache/hadoop/mapred/TestShuffleHandler.java: No such file or directory
Checking patch a/hadoop-mapreduce-project/hadoop-mapreduce-client/hadoop-mapreduce-client-shuffle/src/main/java/org/apache/hadoop/mapred/ShuffleHandler.java => b/hadoop-mapreduce-project/hadoop-mapreduce-client/hadoop-mapreduce-client-shuffle/src/main/java/org/apache/hadoop/mapred/ShuffleHandler.java...
error: a/hadoop-mapreduce-project/hadoop-mapreduce-client/hadoop-mapreduce-client-shuffle/src/main/java/org/apache/hadoop/mapred/ShuffleHandler.java: No such file or directory
Checking patch a/hadoop-mapreduce-project/hadoop-mapreduce-client/hadoop-mapreduce-client-shuffle/src/test/java/org/apache/hadoop/mapred/TestShuffleHandler.java => b/hadoop-mapreduce-project/hadoop-mapreduce-client/hadoop-mapreduce-client-shuffle/src/test/java/org/apache/hadoop/mapred/TestShuffleHandler.java...
error: a/hadoop-mapreduce-project/hadoop-mapreduce-client/hadoop-mapreduce-client-shuffle/src/test/java/org/apache/hadoop/mapred/TestShuffleHandler.java: No such file or directory
Checking patch a/hadoop-mapreduce-project/hadoop-mapreduce-client/hadoop-mapreduce-client-shuffle/src/test/java/org/apache/hadoop/mapred/TestShuffleHandler.java => b/hadoop-mapreduce-project/hadoop-mapreduce-client/hadoop-mapreduce-client-shuffle/src/test/java/org/apache/hadoop/mapred/TestShuffleHandler.java...
error: a/hadoop-mapreduce-project/hadoop-mapreduce-client/hadoop-mapreduce-client-shuffle/src/test/java/org/apache/hadoop/mapred/TestShuffleHandler.java: No such file or directory
Checking patch a/hadoop-mapreduce-project/hadoop-mapreduce-client/hadoop-mapreduce-client-shuffle/src/main/java/org/apache/hadoop/mapred/ShuffleHandler.java => b/hadoop-mapreduce-project/hadoop-mapreduce-client/hadoop-mapreduce-client-shuffle/src/main/java/org/apache/hadoop/mapred/ShuffleHandler.java...
error: a/hadoop-mapreduce-project/hadoop-mapreduce-client/hadoop-mapreduce-client-shuffle/src/main/java/org/apache/hadoop/mapred/ShuffleHandler.java: No such file or directory
Checking patch a/hadoop-mapreduce-project/hadoop-mapreduce-client/hadoop-mapreduce-client-shuffle/src/test/java/org/apache/hadoop/mapred/TestShuffleHandler.java => b/hadoop-mapreduce-project/hadoop-mapreduce-client/hadoop-mapreduce-client-shuffle/src/test/java/org/apache/hadoop/mapred/TestShuffleHandler.java...
error: a/hadoop-mapreduce-project/hadoop-mapreduce-client/hadoop-mapreduce-client-shuffle/src/test/java/org/apache/hadoop/mapred/TestShuffleHandler.java: No such file or directory
Checking patch a/hadoop-mapreduce-project/hadoop-mapreduce-client/hadoop-mapreduce-client-shuffle/src/test/java/org/apache/hadoop/mapred/TestShuffleHandler.java => b/hadoop-mapreduce-project/hadoop-mapreduce-client/hadoop-mapreduce-client-shuffle/src/test/java/org/apache/hadoop/mapred/TestShuffleHandler.java...
error: a/hadoop-mapreduce-project/hadoop-mapreduce-client/hadoop-mapreduce-client-shuffle/src/test/java/org/apache/hadoop/mapred/TestShuffleHandler.java: No such file or directory
Checking patch a/hadoop-mapreduce-project/hadoop-mapreduce-client/hadoop-mapreduce-client-shuffle/src/main/java/org/apache/hadoop/mapred/ShuffleHandler.java => b/hadoop-mapreduce-project/hadoop-mapreduce-client/hadoop-mapreduce-client-shuffle/src/main/java/org/apache/hadoop/mapred/ShuffleHandler.java...
error: a/hadoop-mapreduce-project/hadoop-mapreduce-client/hadoop-mapreduce-client-shuffle/src/main/java/org/apache/hadoop/mapred/ShuffleHandler.java: No such file or directory
Checking patch a/hadoop-mapreduce-project/hadoop-mapreduce-client/hadoop-mapreduce-client-shuffle/src/test/java/org/apache/hadoop/mapred/TestShuffleHandler.java => b/hadoop-mapreduce-project/hadoop-mapreduce-client/hadoop-mapreduce-client-shuffle/src/test/java/org/apache/hadoop/mapred/TestShuffleHandler.java...
error: a/hadoop-mapreduce-project/hadoop-mapreduce-client/hadoop-mapreduce-client-shuffle/src/test/java/org/apache/hadoop/mapred/TestShuffleHandler.java: No such file or directory
Checking patch a/hadoop-mapreduce-project/hadoop-mapreduce-client/hadoop-mapreduce-client-shuffle/src/test/java/org/apache/hadoop/mapred/TestShuffleHandler.java => b/hadoop-mapreduce-project/hadoop-mapreduce-client/hadoop-mapreduce-client-shuffle/src/test/java/org/apache/hadoop/mapred/TestShuffleHandler.java...
error: a/hadoop-mapreduce-project/hadoop-mapreduce-client/hadoop-mapreduce-client-shuffle/src/test/java/org/apache/hadoop/mapred/TestShuffleHandler.java: No such file or directory
Checking patch a/hadoop-mapreduce-project/hadoop-mapreduce-client/hadoop-mapreduce-client-shuffle/src/test/java/org/apache/hadoop/mapred/TestShuffleHandler.java => b/hadoop-mapreduce-project/hadoop-mapreduce-client/hadoop-mapreduce-client-shuffle/src/test/java/org/apache/hadoop/mapred/TestShuffleHandler.java...
error: a/hadoop-mapreduce-project/hadoop-mapreduce-client/hadoop-mapreduce-client-shuffle/src/test/java/org/apache/hadoop/mapred/TestShuffleHandler.java: No such file or directory
Checking patch a/hadoop-mapreduce-project/hadoop-mapreduce-client/hadoop-mapreduce-client-shuffle/src/test/java/org/apache/hadoop/mapred/TestShuffleHandler.java => b/hadoop-mapreduce-project/hadoop-mapreduce-client/hadoop-mapreduce-client-shuffle/src/test/java/org/apache/hadoop/mapred/TestShuffleHandler.java...
error: a/hadoop-mapreduce-project/hadoop-mapreduce-client/hadoop-mapreduce-client-shuffle/src/test/java/org/apache/hadoop/mapred/TestShuffleHandler.java: No such file or directory
Checking patch a/hadoop-mapreduce-project/hadoop-mapreduce-client/hadoop-mapreduce-client-shuffle/src/test/java/org/apache/hadoop/mapred/TestShuffleHandler.java => b/hadoop-mapreduce-project/hadoop-mapreduce-client/hadoop-mapreduce-client-shuffle/src/test/java/org/apache/hadoop/mapred/TestShuffleHandler.java...
error: a/hadoop-mapreduce-project/hadoop-mapreduce-client/hadoop-mapreduce-client-shuffle/src/test/java/org/apache/hadoop/mapred/TestShuffleHandler.java: No such file or directory
Checking patch a/hadoop-mapreduce-project/hadoop-mapreduce-client/hadoop-mapreduce-client-shuffle/src/test/java/org/apache/hadoop/mapred/TestShuffleHandler.java => b/hadoop-mapreduce-project/hadoop-mapreduce-client/hadoop-mapreduce-client-shuffle/src/test/java/org/apache/hadoop/mapred/TestShuffleHandler.java...
error: a/hadoop-mapreduce-project/hadoop-mapreduce-client/hadoop-mapreduce-client-shuffle/src/test/java/org/apache/hadoop/mapred/TestShuffleHandler.java: No such file or directory
Checking patch a/hadoop-mapreduce-project/hadoop-mapreduce-client/hadoop-mapreduce-client-shuffle/src/test/java/org/apache/hadoop/mapred/TestShuffleHandler.java => b/hadoop-mapreduce-project/hadoop-mapreduce-client/hadoop-mapreduce-client-shuffle/src/test/java/org/apache/hadoop/mapred/TestShuffleHandler.java...
error: a/hadoop-mapreduce-project/hadoop-mapreduce-client/hadoop-mapreduce-client-shuffle/src/test/java/org/apache/hadoop/mapred/TestShuffleHandler.java: No such file or directory
Checking patch a/hadoop-mapreduce-project/hadoop-mapreduce-client/hadoop-mapreduce-client-shuffle/src/main/java/org/apache/hadoop/mapred/ShuffleHandler.java => b/hadoop-mapreduce-project/hadoop-mapreduce-client/hadoop-mapreduce-client-shuffle/src/main/java/org/apache/hadoop/mapred/ShuffleHandler.java...
error: a/hadoop-mapreduce-project/hadoop-mapreduce-client/hadoop-mapreduce-client-shuffle/src/main/java/org/apache/hadoop/mapred/ShuffleHandler.java: No such file or directory
Checking patch a/hadoop-mapreduce-project/hadoop-mapreduce-client/hadoop-mapreduce-client-shuffle/src/test/java/org/apache/hadoop/mapred/TestShuffleHandler.java => b/hadoop-mapreduce-project/hadoop-mapreduce-client/hadoop-mapreduce-client-shuffle/src/test/java/org/apache/hadoop/mapred/TestShuffleHandler.java...
error: a/hadoop-mapreduce-project/hadoop-mapreduce-client/hadoop-mapreduce-client-shuffle/src/test/java/org/apache/hadoop/mapred/TestShuffleHandler.java: No such file or directory
Checking patch a/hadoop-mapreduce-project/hadoop-mapreduce-client/hadoop-mapreduce-client-shuffle/src/test/java/org/apache/hadoop/mapred/TestShuffleHandler.java => b/hadoop-mapreduce-project/hadoop-mapreduce-client/hadoop-mapreduce-client-shuffle/src/test/java/org/apache/hadoop/mapred/TestShuffleHandler.java...
error: a/hadoop-mapreduce-project/hadoop-mapreduce-client/hadoop-mapreduce-client-shuffle/src/test/java/org/apache/hadoop/mapred/TestShuffleHandler.java: No such file or directory
Checking patch a/hadoop-mapreduce-project/hadoop-mapreduce-client/hadoop-mapreduce-client-shuffle/src/test/java/org/apache/hadoop/mapred/TestShuffleHandler.java => b/hadoop-mapreduce-project/hadoop-mapreduce-client/hadoop-mapreduce-client-shuffle/src/test/java/org/apache/hadoop/mapred/TestShuffleHandler.java...
error: a/hadoop-mapreduce-project/hadoop-mapreduce-client/hadoop-mapreduce-client-shuffle/src/test/java/org/apache/hadoop/mapred/TestShuffleHandler.java: No such file or directory
Checking patch a/hadoop-mapreduce-project/hadoop-mapreduce-client/hadoop-mapreduce-client-shuffle/src/test/java/org/apache/hadoop/mapred/TestShuffleHandler.java => b/hadoop-mapreduce-project/hadoop-mapreduce-client/hadoop-mapreduce-client-shuffle/src/test/java/org/apache/hadoop/mapred/TestShuffleHandler.java...
error: a/hadoop-mapreduce-project/hadoop-mapreduce-client/hadoop-mapreduce-client-shuffle/src/test/java/org/apache/hadoop/mapred/TestShuffleHandler.java: No such file or directory
Checking patch a/hadoop-mapreduce-project/hadoop-mapreduce-client/hadoop-mapreduce-client-core/src/main/java/org/apache/hadoop/mapreduce/task/reduce/Fetcher.java => b/hadoop-mapreduce-project/hadoop-mapreduce-client/hadoop-mapreduce-client-core/src/main/java/org/apache/hadoop/mapreduce/task/reduce/Fetcher.java...
error: a/hadoop-mapreduce-project/hadoop-mapreduce-client/hadoop-mapreduce-client-core/src/main/java/org/apache/hadoop/mapreduce/task/reduce/Fetcher.java: No such file or directory
Checking patch a/hadoop-mapreduce-project/hadoop-mapreduce-client/hadoop-mapreduce-client-jobclient/src/test/java/org/apache/hadoop/mapred/TestReduceFetchFromPartialMem.java => b/hadoop-mapreduce-project/hadoop-mapreduce-client/hadoop-mapreduce-client-jobclient/src/test/java/org/apache/hadoop/mapred/TestReduceFetchFromPartialMem.java...
error: a/hadoop-mapreduce-project/hadoop-mapreduce-client/hadoop-mapreduce-client-jobclient/src/test/java/org/apache/hadoop/mapred/TestReduceFetchFromPartialMem.java: No such file or directory
Checking patch b/hadoop-mapreduce-project/hadoop-mapreduce-client/hadoop-mapreduce-client-shuffle/src/main/java/org/apache/hadoop/mapred/LoggingHttpResponseEncoder.java...
Checking patch a/hadoop-mapreduce-project/hadoop-mapreduce-client/hadoop-mapreduce-client-shuffle/src/test/java/org/apache/hadoop/mapred/TestShuffleHandler.java => b/hadoop-mapreduce-project/hadoop-mapreduce-client/hadoop-mapreduce-client-shuffle/src/test/java/org/apache/hadoop/mapred/TestShuffleHandler.java...
error: a/hadoop-mapreduce-project/hadoop-mapreduce-client/hadoop-mapreduce-client-shuffle/src/test/java/org/apache/hadoop/mapred/TestShuffleHandler.java: No such file or directory
Checking patch a/hadoop-mapreduce-project/hadoop-mapreduce-client/hadoop-mapreduce-client-shuffle/src/main/java/org/apache/hadoop/mapred/LoggingHttpResponseEncoder.java => b/hadoop-mapreduce-project/hadoop-mapreduce-client/hadoop-mapreduce-client-shuffle/src/main/java/org/apache/hadoop/mapred/LoggingHttpResponseEncoder.java...
error: a/hadoop-mapreduce-project/hadoop-mapreduce-client/hadoop-mapreduce-client-shuffle/src/main/java/org/apache/hadoop/mapred/LoggingHttpResponseEncoder.java: No such file or directory
Checking patch a/hadoop-mapreduce-project/hadoop-mapreduce-client/hadoop-mapreduce-client-shuffle/src/main/java/org/apache/hadoop/mapred/ShuffleHandler.java => b/hadoop-mapreduce-project/hadoop-mapreduce-client/hadoop-mapreduce-client-shuffle/src/main/java/org/apache/hadoop/mapred/ShuffleHandler.java...
error: a/hadoop-mapreduce-project/hadoop-mapreduce-client/hadoop-mapreduce-client-shuffle/src/main/java/org/apache/hadoop/mapred/ShuffleHandler.java: No such file or directory
Checking patch a/hadoop-mapreduce-project/hadoop-mapreduce-client/hadoop-mapreduce-client-shuffle/src/test/java/org/apache/hadoop/mapred/TestShuffleHandler.java => b/hadoop-mapreduce-project/hadoop-mapreduce-client/hadoop-mapreduce-client-shuffle/src/test/java/org/apache/hadoop/mapred/TestShuffleHandler.java...
error: a/hadoop-mapreduce-project/hadoop-mapreduce-client/hadoop-mapreduce-client-shuffle/src/test/java/org/apache/hadoop/mapred/TestShuffleHandler.java: No such file or directory
Checking patch a/hadoop-mapreduce-project/hadoop-mapreduce-client/hadoop-mapreduce-client-shuffle/src/main/java/org/apache/hadoop/mapred/LoggingHttpResponseEncoder.java => b/hadoop-mapreduce-project/hadoop-mapreduce-client/hadoop-mapreduce-client-shuffle/src/main/java/org/apache/hadoop/mapred/LoggingHttpResponseEncoder.java...
error: a/hadoop-mapreduce-project/hadoop-mapreduce-client/hadoop-mapreduce-client-shuffle/src/main/java/org/apache/hadoop/mapred/LoggingHttpResponseEncoder.java: No such file or directory
Checking patch a/hadoop-mapreduce-project/hadoop-mapreduce-client/hadoop-mapreduce-client-shuffle/src/main/java/org/apache/hadoop/mapred/ShuffleHandler.java => b/hadoop-mapreduce-project/hadoop-mapreduce-client/hadoop-mapreduce-client-shuffle/src/main/java/org/apache/hadoop/mapred/ShuffleHandler.java...
error: a/hadoop-mapreduce-project/hadoop-mapreduce-client/hadoop-mapreduce-client-shuffle/src/main/java/org/apache/hadoop/mapred/ShuffleHandler.java: No such file or directory
Checking patch a/hadoop-mapreduce-project/hadoop-mapreduce-client/hadoop-mapreduce-client-shuffle/src/test/java/org/apache/hadoop/mapred/TestShuffleHandler.java => b/hadoop-mapreduce-project/hadoop-mapreduce-client/hadoop-mapreduce-client-shuffle/src/test/java/org/apache/hadoop/mapred/TestShuffleHandler.java...
error: a/hadoop-mapreduce-project/hadoop-mapreduce-client/hadoop-mapreduce-client-shuffle/src/test/java/org/apache/hadoop/mapred/TestShuffleHandler.java: No such file or directory
Checking patch a/hadoop-mapreduce-project/hadoop-mapreduce-client/hadoop-mapreduce-client-shuffle/src/test/resources/log4j.properties => b/hadoop-mapreduce-project/hadoop-mapreduce-client/hadoop-mapreduce-client-shuffle/src/test/resources/log4j.properties...
error: a/hadoop-mapreduce-project/hadoop-mapreduce-client/hadoop-mapreduce-client-shuffle/src/test/resources/log4j.properties: No such file or directory
Checking patch a/hadoop-mapreduce-project/hadoop-mapreduce-client/hadoop-mapreduce-client-shuffle/src/main/java/org/apache/hadoop/mapred/ShuffleHandler.java => b/hadoop-mapreduce-project/hadoop-mapreduce-client/hadoop-mapreduce-client-shuffle/src/main/java/org/apache/hadoop/mapred/ShuffleHandler.java...
error: a/hadoop-mapreduce-project/hadoop-mapreduce-client/hadoop-mapreduce-client-shuffle/src/main/java/org/apache/hadoop/mapred/ShuffleHandler.java: No such file or directory
Checking patch a/hadoop-mapreduce-project/hadoop-mapreduce-client/hadoop-mapreduce-client-shuffle/src/test/java/org/apache/hadoop/mapred/TestShuffleHandler.java => b/hadoop-mapreduce-project/hadoop-mapreduce-client/hadoop-mapreduce-client-shuffle/src/test/java/org/apache/hadoop/mapred/TestShuffleHandler.java...
error: a/hadoop-mapreduce-project/hadoop-mapreduce-client/hadoop-mapreduce-client-shuffle/src/test/java/org/apache/hadoop/mapred/TestShuffleHandler.java: No such file or directory
Checking patch a/hadoop-mapreduce-project/hadoop-mapreduce-client/hadoop-mapreduce-client-shuffle/src/test/java/org/apache/hadoop/mapred/TestShuffleHandler.java => b/hadoop-mapreduce-project/hadoop-mapreduce-client/hadoop-mapreduce-client-shuffle/src/test/java/org/apache/hadoop/mapred/TestShuffleHandler.java...
error: a/hadoop-mapreduce-project/hadoop-mapreduce-client/hadoop-mapreduce-client-shuffle/src/test/java/org/apache/hadoop/mapred/TestShuffleHandler.java: No such file or directory
Checking patch a/hadoop-mapreduce-project/hadoop-mapreduce-client/hadoop-mapreduce-client-shuffle/src/main/java/org/apache/hadoop/mapred/ShuffleHandler.java => b/hadoop-mapreduce-project/hadoop-mapreduce-client/hadoop-mapreduce-client-shuffle/src/main/java/org/apache/hadoop/mapred/ShuffleHandler.java...
error: a/hadoop-mapreduce-project/hadoop-mapreduce-client/hadoop-mapreduce-client-shuffle/src/main/java/org/apache/hadoop/mapred/ShuffleHandler.java: No such file or directory
Checking patch a/hadoop-mapreduce-project/hadoop-mapreduce-client/hadoop-mapreduce-client-shuffle/src/test/java/org/apache/hadoop/mapred/TestShuffleHandler.java => b/hadoop-mapreduce-project/hadoop-mapreduce-client/hadoop-mapreduce-client-shuffle/src/test/java/org/apache/hadoop/mapred/TestShuffleHandler.java...
error: a/hadoop-mapreduce-project/hadoop-mapreduce-client/hadoop-mapreduce-client-shuffle/src/test/java/org/apache/hadoop/mapred/TestShuffleHandler.java: No such file or directory
Checking patch a/hadoop-mapreduce-project/hadoop-mapreduce-client/hadoop-mapreduce-client-shuffle/src/main/java/org/apache/hadoop/mapred/ShuffleHandler.java => b/hadoop-mapreduce-project/hadoop-mapreduce-client/hadoop-mapreduce-client-shuffle/src/main/java/org/apache/hadoop/mapred/ShuffleHandler.java...
error: a/hadoop-mapreduce-project/hadoop-mapreduce-client/hadoop-mapreduce-client-shuffle/src/main/java/org/apache/hadoop/mapred/ShuffleHandler.java: No such file or directory
Checking patch a/hadoop-mapreduce-project/hadoop-mapreduce-client/hadoop-mapreduce-client-shuffle/src/test/java/org/apache/hadoop/mapred/TestShuffleHandler.java => b/hadoop-mapreduce-project/hadoop-mapreduce-client/hadoop-mapreduce-client-shuffle/src/test/java/org/apache/hadoop/mapred/TestShuffleHandler.java...
error: a/hadoop-mapreduce-project/hadoop-mapreduce-client/hadoop-mapreduce-client-shuffle/src/test/java/org/apache/hadoop/mapred/TestShuffleHandler.java: No such file or directory
Checking patch a/hadoop-client-modules/hadoop-client-runtime/pom.xml => b/hadoop-client-modules/hadoop-client-runtime/pom.xml...
error: a/hadoop-client-modules/hadoop-client-runtime/pom.xml: No such file or directory
Mon Apr 11 10:36:43 UTC 2022
cd /home/jenkins/jenkins-home/workspace/hadoop-multibranch_PR-3259/ubuntu-focal/src
git apply --binary -v --check -p1 /home/jenkins/jenkins-home/workspace/hadoop-multibranch_PR-3259/ubuntu-focal/out/input.patch
Checking patch hadoop-mapreduce-project/hadoop-mapreduce-client/hadoop-mapreduce-client-shuffle/src/main/java/org/apache/hadoop/mapred/FadvisedChunkedFile.java...
Checking patch hadoop-mapreduce-project/hadoop-mapreduce-client/hadoop-mapreduce-client-shuffle/src/main/java/org/apache/hadoop/mapred/FadvisedFileRegion.java...
Checking patch hadoop-mapreduce-project/hadoop-mapreduce-client/hadoop-mapreduce-client-shuffle/src/main/java/org/apache/hadoop/mapred/ShuffleHandler.java...
Checking patch hadoop-mapreduce-project/hadoop-mapreduce-client/hadoop-mapreduce-client-shuffle/src/test/java/org/apache/hadoop/mapred/TestFadvisedFileRegion.java...
Checking patch hadoop-mapreduce-project/hadoop-mapreduce-client/hadoop-mapreduce-client-shuffle/src/test/java/org/apache/hadoop/mapred/TestShuffleHandler.java...
Checking patch hadoop-mapreduce-project/hadoop-mapreduce-client/hadoop-mapreduce-client-shuffle/src/test/resources/log4j.properties...
Checking patch hadoop-mapreduce-project/hadoop-mapreduce-client/pom.xml...
Checking patch hadoop-mapreduce-project/hadoop-mapreduce-client/hadoop-mapreduce-client-shuffle/src/main/java/org/apache/hadoop/mapred/ShuffleHandler.java...
Checking patch hadoop-mapreduce-project/hadoop-mapreduce-client/hadoop-mapreduce-client-shuffle/src/test/java/org/apache/hadoop/mapred/TestShuffleHandler.java...
Checking patch hadoop-mapreduce-project/hadoop-mapreduce-client/hadoop-mapreduce-client-shuffle/src/test/resources/log4j.properties...
Checking patch hadoop-mapreduce-project/hadoop-mapreduce-client/hadoop-mapreduce-client-shuffle/src/main/java/org/apache/hadoop/mapred/ShuffleHandler.java...
Checking patch hadoop-mapreduce-project/hadoop-mapreduce-client/hadoop-mapreduce-client-shuffle/src/test/java/org/apache/hadoop/mapred/TestShuffleHandler.java...
Checking patch hadoop-mapreduce-project/hadoop-mapreduce-client/hadoop-mapreduce-client-shuffle/src/main/java/org/apache/hadoop/mapred/ShuffleHandler.java...
Checking patch hadoop-mapreduce-project/hadoop-mapreduce-client/hadoop-mapreduce-client-shuffle/src/test/java/org/apache/hadoop/mapred/TestShuffleHandler.java...
Checking patch hadoop-mapreduce-project/hadoop-mapreduce-client/hadoop-mapreduce-client-shuffle/src/main/java/org/apache/hadoop/mapred/ShuffleHandler.java...
Checking patch hadoop-mapreduce-project/hadoop-mapreduce-client/hadoop-mapreduce-client-shuffle/src/test/java/org/apache/hadoop/mapred/TestShuffleHandler.java...
Checking patch hadoop-mapreduce-project/hadoop-mapreduce-client/hadoop-mapreduce-client-shuffle/src/main/java/org/apache/hadoop/mapred/ShuffleHandler.java...
Checking patch hadoop-mapreduce-project/hadoop-mapreduce-client/hadoop-mapreduce-client-shuffle/src/test/java/org/apache/hadoop/mapred/TestShuffleHandler.java...
Checking patch hadoop-mapreduce-project/hadoop-mapreduce-client/hadoop-mapreduce-client-shuffle/src/main/java/org/apache/hadoop/mapred/ShuffleHandler.java...
Checking patch hadoop-mapreduce-project/hadoop-mapreduce-client/hadoop-mapreduce-client-shuffle/src/test/java/org/apache/hadoop/mapred/TestShuffleHandler.java...
Checking patch hadoop-mapreduce-project/hadoop-mapreduce-client/hadoop-mapreduce-client-shuffle/src/main/java/org/apache/hadoop/mapred/ShuffleHandler.java...
Checking patch hadoop-mapreduce-project/hadoop-mapreduce-client/hadoop-mapreduce-client-shuffle/src/test/java/org/apache/hadoop/mapred/TestShuffleHandler.java...
Checking patch hadoop-mapreduce-project/hadoop-mapreduce-client/hadoop-mapreduce-client-shuffle/src/main/java/org/apache/hadoop/mapred/ShuffleHandler.java...
Checking patch hadoop-mapreduce-project/hadoop-mapreduce-client/hadoop-mapreduce-client-shuffle/src/test/java/org/apache/hadoop/mapred/TestShuffleHandler.java...
Checking patch hadoop-mapreduce-project/hadoop-mapreduce-client/hadoop-mapreduce-client-shuffle/src/main/java/org/apache/hadoop/mapred/ShuffleHandler.java...
Checking patch hadoop-mapreduce-project/hadoop-mapreduce-client/hadoop-mapreduce-client-shuffle/src/test/java/org/apache/hadoop/mapred/TestShuffleHandler.java...
Checking patch hadoop-mapreduce-project/hadoop-mapreduce-client/hadoop-mapreduce-client-shuffle/src/main/java/org/apache/hadoop/mapred/ShuffleHandler.java...
Checking patch hadoop-mapreduce-project/hadoop-mapreduce-client/hadoop-mapreduce-client-shuffle/src/test/java/org/apache/hadoop/mapred/TestShuffleHandler.java...
Checking patch hadoop-mapreduce-project/hadoop-mapreduce-client/hadoop-mapreduce-client-shuffle/src/main/java/org/apache/hadoop/mapred/ShuffleHandler.java...
Checking patch hadoop-mapreduce-project/hadoop-mapreduce-client/hadoop-mapreduce-client-shuffle/src/test/java/org/apache/hadoop/mapred/TestShuffleHandler.java...
Checking patch hadoop-mapreduce-project/hadoop-mapreduce-client/hadoop-mapreduce-client-shuffle/src/test/java/org/apache/hadoop/mapred/TestShuffleHandler.java...
Checking patch hadoop-mapreduce-project/hadoop-mapreduce-client/hadoop-mapreduce-client-shuffle/src/main/java/org/apache/hadoop/mapred/ShuffleHandler.java...
Checking patch hadoop-mapreduce-project/hadoop-mapreduce-client/hadoop-mapreduce-client-shuffle/src/test/java/org/apache/hadoop/mapred/TestShuffleHandler.java...
Checking patch hadoop-mapreduce-project/hadoop-mapreduce-client/hadoop-mapreduce-client-shuffle/src/test/java/org/apache/hadoop/mapred/TestShuffleHandler.java...
Checking patch hadoop-mapreduce-project/hadoop-mapreduce-client/hadoop-mapreduce-client-shuffle/src/main/java/org/apache/hadoop/mapred/ShuffleHandler.java...
Checking patch hadoop-mapreduce-project/hadoop-mapreduce-client/hadoop-mapreduce-client-shuffle/src/test/java/org/apache/hadoop/mapred/TestShuffleHandler.java...
Checking patch hadoop-mapreduce-project/hadoop-mapreduce-client/hadoop-mapreduce-client-shuffle/src/test/java/org/apache/hadoop/mapred/TestShuffleHandler.java...
Checking patch hadoop-mapreduce-project/hadoop-mapreduce-client/hadoop-mapreduce-client-shuffle/src/test/java/org/apache/hadoop/mapred/TestShuffleHandler.java...
Checking patch hadoop-mapreduce-project/hadoop-mapreduce-client/hadoop-mapreduce-client-shuffle/src/test/java/org/apache/hadoop/mapred/TestShuffleHandler.java...
Checking patch hadoop-mapreduce-project/hadoop-mapreduce-client/hadoop-mapreduce-client-shuffle/src/test/java/org/apache/hadoop/mapred/TestShuffleHandler.java...
Checking patch hadoop-mapreduce-project/hadoop-mapreduce-client/hadoop-mapreduce-client-shuffle/src/test/java/org/apache/hadoop/mapred/TestShuffleHandler.java...
Checking patch hadoop-mapreduce-project/hadoop-mapreduce-client/hadoop-mapreduce-client-shuffle/src/test/java/org/apache/hadoop/mapred/TestShuffleHandler.java...
Checking patch hadoop-mapreduce-project/hadoop-mapreduce-client/hadoop-mapreduce-client-shuffle/src/main/java/org/apache/hadoop/mapred/ShuffleHandler.java...
Checking patch hadoop-mapreduce-project/hadoop-mapreduce-client/hadoop-mapreduce-client-shuffle/src/test/java/org/apache/hadoop/mapred/TestShuffleHandler.java...
Checking patch hadoop-mapreduce-project/hadoop-mapreduce-client/hadoop-mapreduce-client-shuffle/src/test/java/org/apache/hadoop/mapred/TestShuffleHandler.java...
Checking patch hadoop-mapreduce-project/hadoop-mapreduce-client/hadoop-mapreduce-client-shuffle/src/test/java/org/apache/hadoop/mapred/TestShuffleHandler.java...
Checking patch hadoop-mapreduce-project/hadoop-mapreduce-client/hadoop-mapreduce-client-shuffle/src/test/java/org/apache/hadoop/mapred/TestShuffleHandler.java...
Checking patch hadoop-mapreduce-project/hadoop-mapreduce-client/hadoop-mapreduce-client-core/src/main/java/org/apache/hadoop/mapreduce/task/reduce/Fetcher.java...
Checking patch hadoop-mapreduce-project/hadoop-mapreduce-client/hadoop-mapreduce-client-jobclient/src/test/java/org/apache/hadoop/mapred/TestReduceFetchFromPartialMem.java...
Checking patch hadoop-mapreduce-project/hadoop-mapreduce-client/hadoop-mapreduce-client-shuffle/src/main/java/org/apache/hadoop/mapred/LoggingHttpResponseEncoder.java...
Checking patch hadoop-mapreduce-project/hadoop-mapreduce-client/hadoop-mapreduce-client-shuffle/src/test/java/org/apache/hadoop/mapred/TestShuffleHandler.java...
Checking patch hadoop-mapreduce-project/hadoop-mapreduce-client/hadoop-mapreduce-client-shuffle/src/main/java/org/apache/hadoop/mapred/LoggingHttpResponseEncoder.java...
Checking patch hadoop-mapreduce-project/hadoop-mapreduce-client/hadoop-mapreduce-client-shuffle/src/main/java/org/apache/hadoop/mapred/ShuffleHandler.java...
Checking patch hadoop-mapreduce-project/hadoop-mapreduce-client/hadoop-mapreduce-client-shuffle/src/test/java/org/apache/hadoop/mapred/TestShuffleHandler.java...
Checking patch hadoop-mapreduce-project/hadoop-mapreduce-client/hadoop-mapreduce-client-shuffle/src/main/java/org/apache/hadoop/mapred/LoggingHttpResponseEncoder.java...
Checking patch hadoop-mapreduce-project/hadoop-mapreduce-client/hadoop-mapreduce-client-shuffle/src/main/java/org/apache/hadoop/mapred/ShuffleHandler.java...
Checking patch hadoop-mapreduce-project/hadoop-mapreduce-client/hadoop-mapreduce-client-shuffle/src/test/java/org/apache/hadoop/mapred/TestShuffleHandler.java...
Checking patch hadoop-mapreduce-project/hadoop-mapreduce-client/hadoop-mapreduce-client-shuffle/src/test/resources/log4j.properties...
Checking patch hadoop-mapreduce-project/hadoop-mapreduce-client/hadoop-mapreduce-client-shuffle/src/main/java/org/apache/hadoop/mapred/ShuffleHandler.java...
Checking patch hadoop-mapreduce-project/hadoop-mapreduce-client/hadoop-mapreduce-client-shuffle/src/test/java/org/apache/hadoop/mapred/TestShuffleHandler.java...
Checking patch hadoop-mapreduce-project/hadoop-mapreduce-client/hadoop-mapreduce-client-shuffle/src/test/java/org/apache/hadoop/mapred/TestShuffleHandler.java...
Checking patch hadoop-mapreduce-project/hadoop-mapreduce-client/hadoop-mapreduce-client-shuffle/src/main/java/org/apache/hadoop/mapred/ShuffleHandler.java...
Checking patch hadoop-mapreduce-project/hadoop-mapreduce-client/hadoop-mapreduce-client-shuffle/src/test/java/org/apache/hadoop/mapred/TestShuffleHandler.java...
Checking patch hadoop-mapreduce-project/hadoop-mapreduce-client/hadoop-mapreduce-client-shuffle/src/main/java/org/apache/hadoop/mapred/ShuffleHandler.java...
Checking patch hadoop-mapreduce-project/hadoop-mapreduce-client/hadoop-mapreduce-client-shuffle/src/test/java/org/apache/hadoop/mapred/TestShuffleHandler.java...
Checking patch hadoop-client-modules/hadoop-client-runtime/pom.xml...
Mon 11 Apr 2022 10:37:20 AM UTC
cd /home/jenkins/jenkins-home/workspace/hadoop-multibranch_PR-3259/ubuntu-focal/src
git apply --binary -v --check -p0 /home/jenkins/jenkins-home/workspace/hadoop-multibranch_PR-3259/ubuntu-focal/out/input.patch
Checking patch a/hadoop-mapreduce-project/hadoop-mapreduce-client/hadoop-mapreduce-client-shuffle/src/main/java/org/apache/hadoop/mapred/FadvisedChunkedFile.java => b/hadoop-mapreduce-project/hadoop-mapreduce-client/hadoop-mapreduce-client-shuffle/src/main/java/org/apache/hadoop/mapred/FadvisedChunkedFile.java...
error: a/hadoop-mapreduce-project/hadoop-mapreduce-client/hadoop-mapreduce-client-shuffle/src/main/java/org/apache/hadoop/mapred/FadvisedChunkedFile.java: No such file or directory
Checking patch a/hadoop-mapreduce-project/hadoop-mapreduce-client/hadoop-mapreduce-client-shuffle/src/main/java/org/apache/hadoop/mapred/FadvisedFileRegion.java => b/hadoop-mapreduce-project/hadoop-mapreduce-client/hadoop-mapreduce-client-shuffle/src/main/java/org/apache/hadoop/mapred/FadvisedFileRegion.java...
error: a/hadoop-mapreduce-project/hadoop-mapreduce-client/hadoop-mapreduce-client-shuffle/src/main/java/org/apache/hadoop/mapred/FadvisedFileRegion.java: No such file or directory
Checking patch a/hadoop-mapreduce-project/hadoop-mapreduce-client/hadoop-mapreduce-client-shuffle/src/main/java/org/apache/hadoop/mapred/ShuffleHandler.java => b/hadoop-mapreduce-project/hadoop-mapreduce-client/hadoop-mapreduce-client-shuffle/src/main/java/org/apache/hadoop/mapred/ShuffleHandler.java...
error: a/hadoop-mapreduce-project/hadoop-mapreduce-client/hadoop-mapreduce-client-shuffle/src/main/java/org/apache/hadoop/mapred/ShuffleHandler.java: No such file or directory
Checking patch a/hadoop-mapreduce-project/hadoop-mapreduce-client/hadoop-mapreduce-client-shuffle/src/test/java/org/apache/hadoop/mapred/TestFadvisedFileRegion.java => b/hadoop-mapreduce-project/hadoop-mapreduce-client/hadoop-mapreduce-client-shuffle/src/test/java/org/apache/hadoop/mapred/TestFadvisedFileRegion.java...
error: a/hadoop-mapreduce-project/hadoop-mapreduce-client/hadoop-mapreduce-client-shuffle/src/test/java/org/apache/hadoop/mapred/TestFadvisedFileRegion.java: No such file or directory
Checking patch a/hadoop-mapreduce-project/hadoop-mapreduce-client/hadoop-mapreduce-client-shuffle/src/test/java/org/apache/hadoop/mapred/TestShuffleHandler.java => b/hadoop-mapreduce-project/hadoop-mapreduce-client/hadoop-mapreduce-client-shuffle/src/test/java/org/apache/hadoop/mapred/TestShuffleHandler.java...
error: a/hadoop-mapreduce-project/hadoop-mapreduce-client/hadoop-mapreduce-client-shuffle/src/test/java/org/apache/hadoop/mapred/TestShuffleHandler.java: No such file or directory
Checking patch a/hadoop-mapreduce-project/hadoop-mapreduce-client/hadoop-mapreduce-client-shuffle/src/test/resources/log4j.properties => b/hadoop-mapreduce-project/hadoop-mapreduce-client/hadoop-mapreduce-client-shuffle/src/test/resources/log4j.properties...
error: a/hadoop-mapreduce-project/hadoop-mapreduce-client/hadoop-mapreduce-client-shuffle/src/test/resources/log4j.properties: No such file or directory
Checking patch a/hadoop-mapreduce-project/hadoop-mapreduce-client/pom.xml => b/hadoop-mapreduce-project/hadoop-mapreduce-client/pom.xml...
error: a/hadoop-mapreduce-project/hadoop-mapreduce-client/pom.xml: No such file or directory
Checking patch a/hadoop-mapreduce-project/hadoop-mapreduce-client/hadoop-mapreduce-client-shuffle/src/main/java/org/apache/hadoop/mapred/ShuffleHandler.java => b/hadoop-mapreduce-project/hadoop-mapreduce-client/hadoop-mapreduce-client-shuffle/src/main/java/org/apache/hadoop/mapred/ShuffleHandler.java...
error: a/hadoop-mapreduce-project/hadoop-mapreduce-client/hadoop-mapreduce-client-shuffle/src/main/java/org/apache/hadoop/mapred/ShuffleHandler.java: No such file or directory
Checking patch a/hadoop-mapreduce-project/hadoop-mapreduce-client/hadoop-mapreduce-client-shuffle/src/test/java/org/apache/hadoop/mapred/TestShuffleHandler.java => b/hadoop-mapreduce-project/hadoop-mapreduce-client/hadoop-mapreduce-client-shuffle/src/test/java/org/apache/hadoop/mapred/TestShuffleHandler.java...
error: a/hadoop-mapreduce-project/hadoop-mapreduce-client/hadoop-mapreduce-client-shuffle/src/test/java/org/apache/hadoop/mapred/TestShuffleHandler.java: No such file or directory
Checking patch a/hadoop-mapreduce-project/hadoop-mapreduce-client/hadoop-mapreduce-client-shuffle/src/test/resources/log4j.properties => b/hadoop-mapreduce-project/hadoop-mapreduce-client/hadoop-mapreduce-client-shuffle/src/test/resources/log4j.properties...
error: a/hadoop-mapreduce-project/hadoop-mapreduce-client/hadoop-mapreduce-client-shuffle/src/test/resources/log4j.properties: No such file or directory
Checking patch a/hadoop-mapreduce-project/hadoop-mapreduce-client/hadoop-mapreduce-client-shuffle/src/main/java/org/apache/hadoop/mapred/ShuffleHandler.java => b/hadoop-mapreduce-project/hadoop-mapreduce-client/hadoop-mapreduce-client-shuffle/src/main/java/org/apache/hadoop/mapred/ShuffleHandler.java...
error: a/hadoop-mapreduce-project/hadoop-mapreduce-client/hadoop-mapreduce-client-shuffle/src/main/java/org/apache/hadoop/mapred/ShuffleHandler.java: No such file or directory
Checking patch a/hadoop-mapreduce-project/hadoop-mapreduce-client/hadoop-mapreduce-client-shuffle/src/test/java/org/apache/hadoop/mapred/TestShuffleHandler.java => b/hadoop-mapreduce-project/hadoop-mapreduce-client/hadoop-mapreduce-client-shuffle/src/test/java/org/apache/hadoop/mapred/TestShuffleHandler.java...
error: a/hadoop-mapreduce-project/hadoop-mapreduce-client/hadoop-mapreduce-client-shuffle/src/test/java/org/apache/hadoop/mapred/TestShuffleHandler.java: No such file or directory
Checking patch a/hadoop-mapreduce-project/hadoop-mapreduce-client/hadoop-mapreduce-client-shuffle/src/main/java/org/apache/hadoop/mapred/ShuffleHandler.java => b/hadoop-mapreduce-project/hadoop-mapreduce-client/hadoop-mapreduce-client-shuffle/src/main/java/org/apache/hadoop/mapred/ShuffleHandler.java...
error: a/hadoop-mapreduce-project/hadoop-mapreduce-client/hadoop-mapreduce-client-shuffle/src/main/java/org/apache/hadoop/mapred/ShuffleHandler.java: No such file or directory
Checking patch a/hadoop-mapreduce-project/hadoop-mapreduce-client/hadoop-mapreduce-client-shuffle/src/test/java/org/apache/hadoop/mapred/TestShuffleHandler.java => b/hadoop-mapreduce-project/hadoop-mapreduce-client/hadoop-mapreduce-client-shuffle/src/test/java/org/apache/hadoop/mapred/TestShuffleHandler.java...
error: a/hadoop-mapreduce-project/hadoop-mapreduce-client/hadoop-mapreduce-client-shuffle/src/test/java/org/apache/hadoop/mapred/TestShuffleHandler.java: No such file or directory
Checking patch a/hadoop-mapreduce-project/hadoop-mapreduce-client/hadoop-mapreduce-client-shuffle/src/main/java/org/apache/hadoop/mapred/ShuffleHandler.java => b/hadoop-mapreduce-project/hadoop-mapreduce-client/hadoop-mapreduce-client-shuffle/src/main/java/org/apache/hadoop/mapred/ShuffleHandler.java...
error: a/hadoop-mapreduce-project/hadoop-mapreduce-client/hadoop-mapreduce-client-shuffle/src/main/java/org/apache/hadoop/mapred/ShuffleHandler.java: No such file or directory
Checking patch a/hadoop-mapreduce-project/hadoop-mapreduce-client/hadoop-mapreduce-client-shuffle/src/test/java/org/apache/hadoop/mapred/TestShuffleHandler.java => b/hadoop-mapreduce-project/hadoop-mapreduce-client/hadoop-mapreduce-client-shuffle/src/test/java/org/apache/hadoop/mapred/TestShuffleHandler.java...
error: a/hadoop-mapreduce-project/hadoop-mapreduce-client/hadoop-mapreduce-client-shuffle/src/test/java/org/apache/hadoop/mapred/TestShuffleHandler.java: No such file or directory
Checking patch a/hadoop-mapreduce-project/hadoop-mapreduce-client/hadoop-mapreduce-client-shuffle/src/main/java/org/apache/hadoop/mapred/ShuffleHandler.java => b/hadoop-mapreduce-project/hadoop-mapreduce-client/hadoop-mapreduce-client-shuffle/src/main/java/org/apache/hadoop/mapred/ShuffleHandler.java...
error: a/hadoop-mapreduce-project/hadoop-mapreduce-client/hadoop-mapreduce-client-shuffle/src/main/java/org/apache/hadoop/mapred/ShuffleHandler.java: No such file or directory
Checking patch a/hadoop-mapreduce-project/hadoop-mapreduce-client/hadoop-mapreduce-client-shuffle/src/test/java/org/apache/hadoop/mapred/TestShuffleHandler.java => b/hadoop-mapreduce-project/hadoop-mapreduce-client/hadoop-mapreduce-client-shuffle/src/test/java/org/apache/hadoop/mapred/TestShuffleHandler.java...
error: a/hadoop-mapreduce-project/hadoop-mapreduce-client/hadoop-mapreduce-client-shuffle/src/test/java/org/apache/hadoop/mapred/TestShuffleHandler.java: No such file or directory
Checking patch a/hadoop-mapreduce-project/hadoop-mapreduce-client/hadoop-mapreduce-client-shuffle/src/main/java/org/apache/hadoop/mapred/ShuffleHandler.java => b/hadoop-mapreduce-project/hadoop-mapreduce-client/hadoop-mapreduce-client-shuffle/src/main/java/org/apache/hadoop/mapred/ShuffleHandler.java...
error: a/hadoop-mapreduce-project/hadoop-mapreduce-client/hadoop-mapreduce-client-shuffle/src/main/java/org/apache/hadoop/mapred/ShuffleHandler.java: No such file or directory
Checking patch a/hadoop-mapreduce-project/hadoop-mapreduce-client/hadoop-mapreduce-client-shuffle/src/test/java/org/apache/hadoop/mapred/TestShuffleHandler.java => b/hadoop-mapreduce-project/hadoop-mapreduce-client/hadoop-mapreduce-client-shuffle/src/test/java/org/apache/hadoop/mapred/TestShuffleHandler.java...
error: a/hadoop-mapreduce-project/hadoop-mapreduce-client/hadoop-mapreduce-client-shuffle/src/test/java/org/apache/hadoop/mapred/TestShuffleHandler.java: No such file or directory
Checking patch a/hadoop-mapreduce-project/hadoop-mapreduce-client/hadoop-mapreduce-client-shuffle/src/main/java/org/apache/hadoop/mapred/ShuffleHandler.java => b/hadoop-mapreduce-project/hadoop-mapreduce-client/hadoop-mapreduce-client-shuffle/src/main/java/org/apache/hadoop/mapred/ShuffleHandler.java...
error: a/hadoop-mapreduce-project/hadoop-mapreduce-client/hadoop-mapreduce-client-shuffle/src/main/java/org/apache/hadoop/mapred/ShuffleHandler.java: No such file or directory
Checking patch a/hadoop-mapreduce-project/hadoop-mapreduce-client/hadoop-mapreduce-client-shuffle/src/test/java/org/apache/hadoop/mapred/TestShuffleHandler.java => b/hadoop-mapreduce-project/hadoop-mapreduce-client/hadoop-mapreduce-client-shuffle/src/test/java/org/apache/hadoop/mapred/TestShuffleHandler.java...
error: a/hadoop-mapreduce-project/hadoop-mapreduce-client/hadoop-mapreduce-client-shuffle/src/test/java/org/apache/hadoop/mapred/TestShuffleHandler.java: No such file or directory
Checking patch a/hadoop-mapreduce-project/hadoop-mapreduce-client/hadoop-mapreduce-client-shuffle/src/main/java/org/apache/hadoop/mapred/ShuffleHandler.java => b/hadoop-mapreduce-project/hadoop-mapreduce-client/hadoop-mapreduce-client-shuffle/src/main/java/org/apache/hadoop/mapred/ShuffleHandler.java...
error: a/hadoop-mapreduce-project/hadoop-mapreduce-client/hadoop-mapreduce-client-shuffle/src/main/java/org/apache/hadoop/mapred/ShuffleHandler.java: No such file or directory
Checking patch a/hadoop-mapreduce-project/hadoop-mapreduce-client/hadoop-mapreduce-client-shuffle/src/test/java/org/apache/hadoop/mapred/TestShuffleHandler.java => b/hadoop-mapreduce-project/hadoop-mapreduce-client/hadoop-mapreduce-client-shuffle/src/test/java/org/apache/hadoop/mapred/TestShuffleHandler.java...
error: a/hadoop-mapreduce-project/hadoop-mapreduce-client/hadoop-mapreduce-client-shuffle/src/test/java/org/apache/hadoop/mapred/TestShuffleHandler.java: No such file or directory
Checking patch a/hadoop-mapreduce-project/hadoop-mapreduce-client/hadoop-mapreduce-client-shuffle/src/main/java/org/apache/hadoop/mapred/ShuffleHandler.java => b/hadoop-mapreduce-project/hadoop-mapreduce-client/hadoop-mapreduce-client-shuffle/src/main/java/org/apache/hadoop/mapred/ShuffleHandler.java...
error: a/hadoop-mapreduce-project/hadoop-mapreduce-client/hadoop-mapreduce-client-shuffle/src/main/java/org/apache/hadoop/mapred/ShuffleHandler.java: No such file or directory
Checking patch a/hadoop-mapreduce-project/hadoop-mapreduce-client/hadoop-mapreduce-client-shuffle/src/test/java/org/apache/hadoop/mapred/TestShuffleHandler.java => b/hadoop-mapreduce-project/hadoop-mapreduce-client/hadoop-mapreduce-client-shuffle/src/test/java/org/apache/hadoop/mapred/TestShuffleHandler.java...
error: a/hadoop-mapreduce-project/hadoop-mapreduce-client/hadoop-mapreduce-client-shuffle/src/test/java/org/apache/hadoop/mapred/TestShuffleHandler.java: No such file or directory
Checking patch a/hadoop-mapreduce-project/hadoop-mapreduce-client/hadoop-mapreduce-client-shuffle/src/main/java/org/apache/hadoop/mapred/ShuffleHandler.java => b/hadoop-mapreduce-project/hadoop-mapreduce-client/hadoop-mapreduce-client-shuffle/src/main/java/org/apache/hadoop/mapred/ShuffleHandler.java...
error: a/hadoop-mapreduce-project/hadoop-mapreduce-client/hadoop-mapreduce-client-shuffle/src/main/java/org/apache/hadoop/mapred/ShuffleHandler.java: No such file or directory
Checking patch a/hadoop-mapreduce-project/hadoop-mapreduce-client/hadoop-mapreduce-client-shuffle/src/test/java/org/apache/hadoop/mapred/TestShuffleHandler.java => b/hadoop-mapreduce-project/hadoop-mapreduce-client/hadoop-mapreduce-client-shuffle/src/test/java/org/apache/hadoop/mapred/TestShuffleHandler.java...
error: a/hadoop-mapreduce-project/hadoop-mapreduce-client/hadoop-mapreduce-client-shuffle/src/test/java/org/apache/hadoop/mapred/TestShuffleHandler.java: No such file or directory
Checking patch a/hadoop-mapreduce-project/hadoop-mapreduce-client/hadoop-mapreduce-client-shuffle/src/main/java/org/apache/hadoop/mapred/ShuffleHandler.java => b/hadoop-mapreduce-project/hadoop-mapreduce-client/hadoop-mapreduce-client-shuffle/src/main/java/org/apache/hadoop/mapred/ShuffleHandler.java...
error: a/hadoop-mapreduce-project/hadoop-mapreduce-client/hadoop-mapreduce-client-shuffle/src/main/java/org/apache/hadoop/mapred/ShuffleHandler.java: No such file or directory
Checking patch a/hadoop-mapreduce-project/hadoop-mapreduce-client/hadoop-mapreduce-client-shuffle/src/test/java/org/apache/hadoop/mapred/TestShuffleHandler.java => b/hadoop-mapreduce-project/hadoop-mapreduce-client/hadoop-mapreduce-client-shuffle/src/test/java/org/apache/hadoop/mapred/TestShuffleHandler.java...
error: a/hadoop-mapreduce-project/hadoop-mapreduce-client/hadoop-mapreduce-client-shuffle/src/test/java/org/apache/hadoop/mapred/TestShuffleHandler.java: No such file or directory
Checking patch a/hadoop-mapreduce-project/hadoop-mapreduce-client/hadoop-mapreduce-client-shuffle/src/test/java/org/apache/hadoop/mapred/TestShuffleHandler.java => b/hadoop-mapreduce-project/hadoop-mapreduce-client/hadoop-mapreduce-client-shuffle/src/test/java/org/apache/hadoop/mapred/TestShuffleHandler.java...
error: a/hadoop-mapreduce-project/hadoop-mapreduce-client/hadoop-mapreduce-client-shuffle/src/test/java/org/apache/hadoop/mapred/TestShuffleHandler.java: No such file or directory
Checking patch a/hadoop-mapreduce-project/hadoop-mapreduce-client/hadoop-mapreduce-client-shuffle/src/main/java/org/apache/hadoop/mapred/ShuffleHandler.java => b/hadoop-mapreduce-project/hadoop-mapreduce-client/hadoop-mapreduce-client-shuffle/src/main/java/org/apache/hadoop/mapred/ShuffleHandler.java...
error: a/hadoop-mapreduce-project/hadoop-mapreduce-client/hadoop-mapreduce-client-shuffle/src/main/java/org/apache/hadoop/mapred/ShuffleHandler.java: No such file or directory
Checking patch a/hadoop-mapreduce-project/hadoop-mapreduce-client/hadoop-mapreduce-client-shuffle/src/test/java/org/apache/hadoop/mapred/TestShuffleHandler.java => b/hadoop-mapreduce-project/hadoop-mapreduce-client/hadoop-mapreduce-client-shuffle/src/test/java/org/apache/hadoop/mapred/TestShuffleHandler.java...
error: a/hadoop-mapreduce-project/hadoop-mapreduce-client/hadoop-mapreduce-client-shuffle/src/test/java/org/apache/hadoop/mapred/TestShuffleHandler.java: No such file or directory
Checking patch a/hadoop-mapreduce-project/hadoop-mapreduce-client/hadoop-mapreduce-client-shuffle/src/test/java/org/apache/hadoop/mapred/TestShuffleHandler.java => b/hadoop-mapreduce-project/hadoop-mapreduce-client/hadoop-mapreduce-client-shuffle/src/test/java/org/apache/hadoop/mapred/TestShuffleHandler.java...
error: a/hadoop-mapreduce-project/hadoop-mapreduce-client/hadoop-mapreduce-client-shuffle/src/test/java/org/apache/hadoop/mapred/TestShuffleHandler.java: No such file or directory
Checking patch a/hadoop-mapreduce-project/hadoop-mapreduce-client/hadoop-mapreduce-client-shuffle/src/main/java/org/apache/hadoop/mapred/ShuffleHandler.java => b/hadoop-mapreduce-project/hadoop-mapreduce-client/hadoop-mapreduce-client-shuffle/src/main/java/org/apache/hadoop/mapred/ShuffleHandler.java...
error: a/hadoop-mapreduce-project/hadoop-mapreduce-client/hadoop-mapreduce-client-shuffle/src/main/java/org/apache/hadoop/mapred/ShuffleHandler.java: No such file or directory
Checking patch a/hadoop-mapreduce-project/hadoop-mapreduce-client/hadoop-mapreduce-client-shuffle/src/test/java/org/apache/hadoop/mapred/TestShuffleHandler.java => b/hadoop-mapreduce-project/hadoop-mapreduce-client/hadoop-mapreduce-client-shuffle/src/test/java/org/apache/hadoop/mapred/TestShuffleHandler.java...
error: a/hadoop-mapreduce-project/hadoop-mapreduce-client/hadoop-mapreduce-client-shuffle/src/test/java/org/apache/hadoop/mapred/TestShuffleHandler.java: No such file or directory
Checking patch a/hadoop-mapreduce-project/hadoop-mapreduce-client/hadoop-mapreduce-client-shuffle/src/test/java/org/apache/hadoop/mapred/TestShuffleHandler.java => b/hadoop-mapreduce-project/hadoop-mapreduce-client/hadoop-mapreduce-client-shuffle/src/test/java/org/apache/hadoop/mapred/TestShuffleHandler.java...
error: a/hadoop-mapreduce-project/hadoop-mapreduce-client/hadoop-mapreduce-client-shuffle/src/test/java/org/apache/hadoop/mapred/TestShuffleHandler.java: No such file or directory
Checking patch a/hadoop-mapreduce-project/hadoop-mapreduce-client/hadoop-mapreduce-client-shuffle/src/test/java/org/apache/hadoop/mapred/TestShuffleHandler.java => b/hadoop-mapreduce-project/hadoop-mapreduce-client/hadoop-mapreduce-client-shuffle/src/test/java/org/apache/hadoop/mapred/TestShuffleHandler.java...
error: a/hadoop-mapreduce-project/hadoop-mapreduce-client/hadoop-mapreduce-client-shuffle/src/test/java/org/apache/hadoop/mapred/TestShuffleHandler.java: No such file or directory
Checking patch a/hadoop-mapreduce-project/hadoop-mapreduce-client/hadoop-mapreduce-client-shuffle/src/test/java/org/apache/hadoop/mapred/TestShuffleHandler.java => b/hadoop-mapreduce-project/hadoop-mapreduce-client/hadoop-mapreduce-client-shuffle/src/test/java/org/apache/hadoop/mapred/TestShuffleHandler.java...
error: a/hadoop-mapreduce-project/hadoop-mapreduce-client/hadoop-mapreduce-client-shuffle/src/test/java/org/apache/hadoop/mapred/TestShuffleHandler.java: No such file or directory
Checking patch a/hadoop-mapreduce-project/hadoop-mapreduce-client/hadoop-mapreduce-client-shuffle/src/test/java/org/apache/hadoop/mapred/TestShuffleHandler.java => b/hadoop-mapreduce-project/hadoop-mapreduce-client/hadoop-mapreduce-client-shuffle/src/test/java/org/apache/hadoop/mapred/TestShuffleHandler.java...
error: a/hadoop-mapreduce-project/hadoop-mapreduce-client/hadoop-mapreduce-client-shuffle/src/test/java/org/apache/hadoop/mapred/TestShuffleHandler.java: No such file or directory
Checking patch a/hadoop-mapreduce-project/hadoop-mapreduce-client/hadoop-mapreduce-client-shuffle/src/test/java/org/apache/hadoop/mapred/TestShuffleHandler.java => b/hadoop-mapreduce-project/hadoop-mapreduce-client/hadoop-mapreduce-client-shuffle/src/test/java/org/apache/hadoop/mapred/TestShuffleHandler.java...
error: a/hadoop-mapreduce-project/hadoop-mapreduce-client/hadoop-mapreduce-client-shuffle/src/test/java/org/apache/hadoop/mapred/TestShuffleHandler.java: No such file or directory
Checking patch a/hadoop-mapreduce-project/hadoop-mapreduce-client/hadoop-mapreduce-client-shuffle/src/test/java/org/apache/hadoop/mapred/TestShuffleHandler.java => b/hadoop-mapreduce-project/hadoop-mapreduce-client/hadoop-mapreduce-client-shuffle/src/test/java/org/apache/hadoop/mapred/TestShuffleHandler.java...
error: a/hadoop-mapreduce-project/hadoop-mapreduce-client/hadoop-mapreduce-client-shuffle/src/test/java/org/apache/hadoop/mapred/TestShuffleHandler.java: No such file or directory
Checking patch a/hadoop-mapreduce-project/hadoop-mapreduce-client/hadoop-mapreduce-client-shuffle/src/main/java/org/apache/hadoop/mapred/ShuffleHandler.java => b/hadoop-mapreduce-project/hadoop-mapreduce-client/hadoop-mapreduce-client-shuffle/src/main/java/org/apache/hadoop/mapred/ShuffleHandler.java...
error: a/hadoop-mapreduce-project/hadoop-mapreduce-client/hadoop-mapreduce-client-shuffle/src/main/java/org/apache/hadoop/mapred/ShuffleHandler.java: No such file or directory
Checking patch a/hadoop-mapreduce-project/hadoop-mapreduce-client/hadoop-mapreduce-client-shuffle/src/test/java/org/apache/hadoop/mapred/TestShuffleHandler.java => b/hadoop-mapreduce-project/hadoop-mapreduce-client/hadoop-mapreduce-client-shuffle/src/test/java/org/apache/hadoop/mapred/TestShuffleHandler.java...
error: a/hadoop-mapreduce-project/hadoop-mapreduce-client/hadoop-mapreduce-client-shuffle/src/test/java/org/apache/hadoop/mapred/TestShuffleHandler.java: No such file or directory
Checking patch a/hadoop-mapreduce-project/hadoop-mapreduce-client/hadoop-mapreduce-client-shuffle/src/test/java/org/apache/hadoop/mapred/TestShuffleHandler.java => b/hadoop-mapreduce-project/hadoop-mapreduce-client/hadoop-mapreduce-client-shuffle/src/test/java/org/apache/hadoop/mapred/TestShuffleHandler.java...
error: a/hadoop-mapreduce-project/hadoop-mapreduce-client/hadoop-mapreduce-client-shuffle/src/test/java/org/apache/hadoop/mapred/TestShuffleHandler.java: No such file or directory
Checking patch a/hadoop-mapreduce-project/hadoop-mapreduce-client/hadoop-mapreduce-client-shuffle/src/test/java/org/apache/hadoop/mapred/TestShuffleHandler.java => b/hadoop-mapreduce-project/hadoop-mapreduce-client/hadoop-mapreduce-client-shuffle/src/test/java/org/apache/hadoop/mapred/TestShuffleHandler.java...
error: a/hadoop-mapreduce-project/hadoop-mapreduce-client/hadoop-mapreduce-client-shuffle/src/test/java/org/apache/hadoop/mapred/TestShuffleHandler.java: No such file or directory
Checking patch a/hadoop-mapreduce-project/hadoop-mapreduce-client/hadoop-mapreduce-client-shuffle/src/test/java/org/apache/hadoop/mapred/TestShuffleHandler.java => b/hadoop-mapreduce-project/hadoop-mapreduce-client/hadoop-mapreduce-client-shuffle/src/test/java/org/apache/hadoop/mapred/TestShuffleHandler.java...
error: a/hadoop-mapreduce-project/hadoop-mapreduce-client/hadoop-mapreduce-client-shuffle/src/test/java/org/apache/hadoop/mapred/TestShuffleHandler.java: No such file or directory
Checking patch a/hadoop-mapreduce-project/hadoop-mapreduce-client/hadoop-mapreduce-client-core/src/main/java/org/apache/hadoop/mapreduce/task/reduce/Fetcher.java => b/hadoop-mapreduce-project/hadoop-mapreduce-client/hadoop-mapreduce-client-core/src/main/java/org/apache/hadoop/mapreduce/task/reduce/Fetcher.java...
error: a/hadoop-mapreduce-project/hadoop-mapreduce-client/hadoop-mapreduce-client-core/src/main/java/org/apache/hadoop/mapreduce/task/reduce/Fetcher.java: No such file or directory
Checking patch a/hadoop-mapreduce-project/hadoop-mapreduce-client/hadoop-mapreduce-client-jobclient/src/test/java/org/apache/hadoop/mapred/TestReduceFetchFromPartialMem.java => b/hadoop-mapreduce-project/hadoop-mapreduce-client/hadoop-mapreduce-client-jobclient/src/test/java/org/apache/hadoop/mapred/TestReduceFetchFromPartialMem.java...
error: a/hadoop-mapreduce-project/hadoop-mapreduce-client/hadoop-mapreduce-client-jobclient/src/test/java/org/apache/hadoop/mapred/TestReduceFetchFromPartialMem.java: No such file or directory
Checking patch b/hadoop-mapreduce-project/hadoop-mapreduce-client/hadoop-mapreduce-client-shuffle/src/main/java/org/apache/hadoop/mapred/LoggingHttpResponseEncoder.java...
Checking patch a/hadoop-mapreduce-project/hadoop-mapreduce-client/hadoop-mapreduce-client-shuffle/src/test/java/org/apache/hadoop/mapred/TestShuffleHandler.java => b/hadoop-mapreduce-project/hadoop-mapreduce-client/hadoop-mapreduce-client-shuffle/src/test/java/org/apache/hadoop/mapred/TestShuffleHandler.java...
error: a/hadoop-mapreduce-project/hadoop-mapreduce-client/hadoop-mapreduce-client-shuffle/src/test/java/org/apache/hadoop/mapred/TestShuffleHandler.java: No such file or directory
Checking patch a/hadoop-mapreduce-project/hadoop-mapreduce-client/hadoop-mapreduce-client-shuffle/src/main/java/org/apache/hadoop/mapred/LoggingHttpResponseEncoder.java => b/hadoop-mapreduce-project/hadoop-mapreduce-client/hadoop-mapreduce-client-shuffle/src/main/java/org/apache/hadoop/mapred/LoggingHttpResponseEncoder.java...
error: a/hadoop-mapreduce-project/hadoop-mapreduce-client/hadoop-mapreduce-client-shuffle/src/main/java/org/apache/hadoop/mapred/LoggingHttpResponseEncoder.java: No such file or directory
Checking patch a/hadoop-mapreduce-project/hadoop-mapreduce-client/hadoop-mapreduce-client-shuffle/src/main/java/org/apache/hadoop/mapred/ShuffleHandler.java => b/hadoop-mapreduce-project/hadoop-mapreduce-client/hadoop-mapreduce-client-shuffle/src/main/java/org/apache/hadoop/mapred/ShuffleHandler.java...
error: a/hadoop-mapreduce-project/hadoop-mapreduce-client/hadoop-mapreduce-client-shuffle/src/main/java/org/apache/hadoop/mapred/ShuffleHandler.java: No such file or directory
Checking patch a/hadoop-mapreduce-project/hadoop-mapreduce-client/hadoop-mapreduce-client-shuffle/src/test/java/org/apache/hadoop/mapred/TestShuffleHandler.java => b/hadoop-mapreduce-project/hadoop-mapreduce-client/hadoop-mapreduce-client-shuffle/src/test/java/org/apache/hadoop/mapred/TestShuffleHandler.java...
error: a/hadoop-mapreduce-project/hadoop-mapreduce-client/hadoop-mapreduce-client-shuffle/src/test/java/org/apache/hadoop/mapred/TestShuffleHandler.java: No such file or directory
Checking patch a/hadoop-mapreduce-project/hadoop-mapreduce-client/hadoop-mapreduce-client-shuffle/src/main/java/org/apache/hadoop/mapred/LoggingHttpResponseEncoder.java => b/hadoop-mapreduce-project/hadoop-mapreduce-client/hadoop-mapreduce-client-shuffle/src/main/java/org/apache/hadoop/mapred/LoggingHttpResponseEncoder.java...
error: a/hadoop-mapreduce-project/hadoop-mapreduce-client/hadoop-mapreduce-client-shuffle/src/main/java/org/apache/hadoop/mapred/LoggingHttpResponseEncoder.java: No such file or directory
Checking patch a/hadoop-mapreduce-project/hadoop-mapreduce-client/hadoop-mapreduce-client-shuffle/src/main/java/org/apache/hadoop/mapred/ShuffleHandler.java => b/hadoop-mapreduce-project/hadoop-mapreduce-client/hadoop-mapreduce-client-shuffle/src/main/java/org/apache/hadoop/mapred/ShuffleHandler.java...
error: a/hadoop-mapreduce-project/hadoop-mapreduce-client/hadoop-mapreduce-client-shuffle/src/main/java/org/apache/hadoop/mapred/ShuffleHandler.java: No such file or directory
Checking patch a/hadoop-mapreduce-project/hadoop-mapreduce-client/hadoop-mapreduce-client-shuffle/src/test/java/org/apache/hadoop/mapred/TestShuffleHandler.java => b/hadoop-mapreduce-project/hadoop-mapreduce-client/hadoop-mapreduce-client-shuffle/src/test/java/org/apache/hadoop/mapred/TestShuffleHandler.java...
error: a/hadoop-mapreduce-project/hadoop-mapreduce-client/hadoop-mapreduce-client-shuffle/src/test/java/org/apache/hadoop/mapred/TestShuffleHandler.java: No such file or directory
Checking patch a/hadoop-mapreduce-project/hadoop-mapreduce-client/hadoop-mapreduce-client-shuffle/src/test/resources/log4j.properties => b/hadoop-mapreduce-project/hadoop-mapreduce-client/hadoop-mapreduce-client-shuffle/src/test/resources/log4j.properties...
error: a/hadoop-mapreduce-project/hadoop-mapreduce-client/hadoop-mapreduce-client-shuffle/src/test/resources/log4j.properties: No such file or directory
Checking patch a/hadoop-mapreduce-project/hadoop-mapreduce-client/hadoop-mapreduce-client-shuffle/src/main/java/org/apache/hadoop/mapred/ShuffleHandler.java => b/hadoop-mapreduce-project/hadoop-mapreduce-client/hadoop-mapreduce-client-shuffle/src/main/java/org/apache/hadoop/mapred/ShuffleHandler.java...
error: a/hadoop-mapreduce-project/hadoop-mapreduce-client/hadoop-mapreduce-client-shuffle/src/main/java/org/apache/hadoop/mapred/ShuffleHandler.java: No such file or directory
Checking patch a/hadoop-mapreduce-project/hadoop-mapreduce-client/hadoop-mapreduce-client-shuffle/src/test/java/org/apache/hadoop/mapred/TestShuffleHandler.java => b/hadoop-mapreduce-project/hadoop-mapreduce-client/hadoop-mapreduce-client-shuffle/src/test/java/org/apache/hadoop/mapred/TestShuffleHandler.java...
error: a/hadoop-mapreduce-project/hadoop-mapreduce-client/hadoop-mapreduce-client-shuffle/src/test/java/org/apache/hadoop/mapred/TestShuffleHandler.java: No such file or directory
Checking patch a/hadoop-mapreduce-project/hadoop-mapreduce-client/hadoop-mapreduce-client-shuffle/src/test/java/org/apache/hadoop/mapred/TestShuffleHandler.java => b/hadoop-mapreduce-project/hadoop-mapreduce-client/hadoop-mapreduce-client-shuffle/src/test/java/org/apache/hadoop/mapred/TestShuffleHandler.java...
error: a/hadoop-mapreduce-project/hadoop-mapreduce-client/hadoop-mapreduce-client-shuffle/src/test/java/org/apache/hadoop/mapred/TestShuffleHandler.java: No such file or directory
Checking patch a/hadoop-mapreduce-project/hadoop-mapreduce-client/hadoop-mapreduce-client-shuffle/src/main/java/org/apache/hadoop/mapred/ShuffleHandler.java => b/hadoop-mapreduce-project/hadoop-mapreduce-client/hadoop-mapreduce-client-shuffle/src/main/java/org/apache/hadoop/mapred/ShuffleHandler.java...
error: a/hadoop-mapreduce-project/hadoop-mapreduce-client/hadoop-mapreduce-client-shuffle/src/main/java/org/apache/hadoop/mapred/ShuffleHandler.java: No such file or directory
Checking patch a/hadoop-mapreduce-project/hadoop-mapreduce-client/hadoop-mapreduce-client-shuffle/src/test/java/org/apache/hadoop/mapred/TestShuffleHandler.java => b/hadoop-mapreduce-project/hadoop-mapreduce-client/hadoop-mapreduce-client-shuffle/src/test/java/org/apache/hadoop/mapred/TestShuffleHandler.java...
error: a/hadoop-mapreduce-project/hadoop-mapreduce-client/hadoop-mapreduce-client-shuffle/src/test/java/org/apache/hadoop/mapred/TestShuffleHandler.java: No such file or directory
Checking patch a/hadoop-mapreduce-project/hadoop-mapreduce-client/hadoop-mapreduce-client-shuffle/src/main/java/org/apache/hadoop/mapred/ShuffleHandler.java => b/hadoop-mapreduce-project/hadoop-mapreduce-client/hadoop-mapreduce-client-shuffle/src/main/java/org/apache/hadoop/mapred/ShuffleHandler.java...
error: a/hadoop-mapreduce-project/hadoop-mapreduce-client/hadoop-mapreduce-client-shuffle/src/main/java/org/apache/hadoop/mapred/ShuffleHandler.java: No such file or directory
Checking patch a/hadoop-mapreduce-project/hadoop-mapreduce-client/hadoop-mapreduce-client-shuffle/src/test/java/org/apache/hadoop/mapred/TestShuffleHandler.java => b/hadoop-mapreduce-project/hadoop-mapreduce-client/hadoop-mapreduce-client-shuffle/src/test/java/org/apache/hadoop/mapred/TestShuffleHandler.java...
error: a/hadoop-mapreduce-project/hadoop-mapreduce-client/hadoop-mapreduce-client-shuffle/src/test/java/org/apache/hadoop/mapred/TestShuffleHandler.java: No such file or directory
Checking patch a/hadoop-client-modules/hadoop-client-runtime/pom.xml => b/hadoop-client-modules/hadoop-client-runtime/pom.xml...
error: a/hadoop-client-modules/hadoop-client-runtime/pom.xml: No such file or directory
Mon 11 Apr 2022 10:37:20 AM UTC
cd /home/jenkins/jenkins-home/workspace/hadoop-multibranch_PR-3259/ubuntu-focal/src
git apply --binary -v --check -p1 /home/jenkins/jenkins-home/workspace/hadoop-multibranch_PR-3259/ubuntu-focal/out/input.patch
Checking patch hadoop-mapreduce-project/hadoop-mapreduce-client/hadoop-mapreduce-client-shuffle/src/main/java/org/apache/hadoop/mapred/FadvisedChunkedFile.java...
Checking patch hadoop-mapreduce-project/hadoop-mapreduce-client/hadoop-mapreduce-client-shuffle/src/main/java/org/apache/hadoop/mapred/FadvisedFileRegion.java...
Checking patch hadoop-mapreduce-project/hadoop-mapreduce-client/hadoop-mapreduce-client-shuffle/src/main/java/org/apache/hadoop/mapred/ShuffleHandler.java...
Checking patch hadoop-mapreduce-project/hadoop-mapreduce-client/hadoop-mapreduce-client-shuffle/src/test/java/org/apache/hadoop/mapred/TestFadvisedFileRegion.java...
Checking patch hadoop-mapreduce-project/hadoop-mapreduce-client/hadoop-mapreduce-client-shuffle/src/test/java/org/apache/hadoop/mapred/TestShuffleHandler.java...
Checking patch hadoop-mapreduce-project/hadoop-mapreduce-client/hadoop-mapreduce-client-shuffle/src/test/resources/log4j.properties...
Checking patch hadoop-mapreduce-project/hadoop-mapreduce-client/pom.xml...
Checking patch hadoop-mapreduce-project/hadoop-mapreduce-client/hadoop-mapreduce-client-shuffle/src/main/java/org/apache/hadoop/mapred/ShuffleHandler.java...
Checking patch hadoop-mapreduce-project/hadoop-mapreduce-client/hadoop-mapreduce-client-shuffle/src/test/java/org/apache/hadoop/mapred/TestShuffleHandler.java...
Checking patch hadoop-mapreduce-project/hadoop-mapreduce-client/hadoop-mapreduce-client-shuffle/src/test/resources/log4j.properties...
Checking patch hadoop-mapreduce-project/hadoop-mapreduce-client/hadoop-mapreduce-client-shuffle/src/main/java/org/apache/hadoop/mapred/ShuffleHandler.java...
Checking patch hadoop-mapreduce-project/hadoop-mapreduce-client/hadoop-mapreduce-client-shuffle/src/test/java/org/apache/hadoop/mapred/TestShuffleHandler.java...
Checking patch hadoop-mapreduce-project/hadoop-mapreduce-client/hadoop-mapreduce-client-shuffle/src/main/java/org/apache/hadoop/mapred/ShuffleHandler.java...
Checking patch hadoop-mapreduce-project/hadoop-mapreduce-client/hadoop-mapreduce-client-shuffle/src/test/java/org/apache/hadoop/mapred/TestShuffleHandler.java...
Checking patch hadoop-mapreduce-project/hadoop-mapreduce-client/hadoop-mapreduce-client-shuffle/src/main/java/org/apache/hadoop/mapred/ShuffleHandler.java...
Checking patch hadoop-mapreduce-project/hadoop-mapreduce-client/hadoop-mapreduce-client-shuffle/src/test/java/org/apache/hadoop/mapred/TestShuffleHandler.java...
Checking patch hadoop-mapreduce-project/hadoop-mapreduce-client/hadoop-mapreduce-client-shuffle/src/main/java/org/apache/hadoop/mapred/ShuffleHandler.java...
Checking patch hadoop-mapreduce-project/hadoop-mapreduce-client/hadoop-mapreduce-client-shuffle/src/test/java/org/apache/hadoop/mapred/TestShuffleHandler.java...
Checking patch hadoop-mapreduce-project/hadoop-mapreduce-client/hadoop-mapreduce-client-shuffle/src/main/java/org/apache/hadoop/mapred/ShuffleHandler.java...
Checking patch hadoop-mapreduce-project/hadoop-mapreduce-client/hadoop-mapreduce-client-shuffle/src/test/java/org/apache/hadoop/mapred/TestShuffleHandler.java...
Checking patch hadoop-mapreduce-project/hadoop-mapreduce-client/hadoop-mapreduce-client-shuffle/src/main/java/org/apache/hadoop/mapred/ShuffleHandler.java...
Checking patch hadoop-mapreduce-project/hadoop-mapreduce-client/hadoop-mapreduce-client-shuffle/src/test/java/org/apache/hadoop/mapred/TestShuffleHandler.java...
Checking patch hadoop-mapreduce-project/hadoop-mapreduce-client/hadoop-mapreduce-client-shuffle/src/main/java/org/apache/hadoop/mapred/ShuffleHandler.java...
Checking patch hadoop-mapreduce-project/hadoop-mapreduce-client/hadoop-mapreduce-client-shuffle/src/test/java/org/apache/hadoop/mapred/TestShuffleHandler.java...
Checking patch hadoop-mapreduce-project/hadoop-mapreduce-client/hadoop-mapreduce-client-shuffle/src/main/java/org/apache/hadoop/mapred/ShuffleHandler.java...
Checking patch hadoop-mapreduce-project/hadoop-mapreduce-client/hadoop-mapreduce-client-shuffle/src/test/java/org/apache/hadoop/mapred/TestShuffleHandler.java...
Checking patch hadoop-mapreduce-project/hadoop-mapreduce-client/hadoop-mapreduce-client-shuffle/src/main/java/org/apache/hadoop/mapred/ShuffleHandler.java...
Checking patch hadoop-mapreduce-project/hadoop-mapreduce-client/hadoop-mapreduce-client-shuffle/src/test/java/org/apache/hadoop/mapred/TestShuffleHandler.java...
Checking patch hadoop-mapreduce-project/hadoop-mapreduce-client/hadoop-mapreduce-client-shuffle/src/main/java/org/apache/hadoop/mapred/ShuffleHandler.java...
Checking patch hadoop-mapreduce-project/hadoop-mapreduce-client/hadoop-mapreduce-client-shuffle/src/test/java/org/apache/hadoop/mapred/TestShuffleHandler.java...
Checking patch hadoop-mapreduce-project/hadoop-mapreduce-client/hadoop-mapreduce-client-shuffle/src/test/java/org/apache/hadoop/mapred/TestShuffleHandler.java...
Checking patch hadoop-mapreduce-project/hadoop-mapreduce-client/hadoop-mapreduce-client-shuffle/src/main/java/org/apache/hadoop/mapred/ShuffleHandler.java...
Checking patch hadoop-mapreduce-project/hadoop-mapreduce-client/hadoop-mapreduce-client-shuffle/src/test/java/org/apache/hadoop/mapred/TestShuffleHandler.java...
Checking patch hadoop-mapreduce-project/hadoop-mapreduce-client/hadoop-mapreduce-client-shuffle/src/test/java/org/apache/hadoop/mapred/TestShuffleHandler.java...
Checking patch hadoop-mapreduce-project/hadoop-mapreduce-client/hadoop-mapreduce-client-shuffle/src/main/java/org/apache/hadoop/mapred/ShuffleHandler.java...
Checking patch hadoop-mapreduce-project/hadoop-mapreduce-client/hadoop-mapreduce-client-shuffle/src/test/java/org/apache/hadoop/mapred/TestShuffleHandler.java...
Checking patch hadoop-mapreduce-project/hadoop-mapreduce-client/hadoop-mapreduce-client-shuffle/src/test/java/org/apache/hadoop/mapred/TestShuffleHandler.java...
Checking patch hadoop-mapreduce-project/hadoop-mapreduce-client/hadoop-mapreduce-client-shuffle/src/test/java/org/apache/hadoop/mapred/TestShuffleHandler.java...
Checking patch hadoop-mapreduce-project/hadoop-mapreduce-client/hadoop-mapreduce-client-shuffle/src/test/java/org/apache/hadoop/mapred/TestShuffleHandler.java...
Checking patch hadoop-mapreduce-project/hadoop-mapreduce-client/hadoop-mapreduce-client-shuffle/src/test/java/org/apache/hadoop/mapred/TestShuffleHandler.java...
Checking patch hadoop-mapreduce-project/hadoop-mapreduce-client/hadoop-mapreduce-client-shuffle/src/test/java/org/apache/hadoop/mapred/TestShuffleHandler.java...
Checking patch hadoop-mapreduce-project/hadoop-mapreduce-client/hadoop-mapreduce-client-shuffle/src/test/java/org/apache/hadoop/mapred/TestShuffleHandler.java...
Checking patch hadoop-mapreduce-project/hadoop-mapreduce-client/hadoop-mapreduce-client-shuffle/src/main/java/org/apache/hadoop/mapred/ShuffleHandler.java...
Checking patch hadoop-mapreduce-project/hadoop-mapreduce-client/hadoop-mapreduce-client-shuffle/src/test/java/org/apache/hadoop/mapred/TestShuffleHandler.java...
Checking patch hadoop-mapreduce-project/hadoop-mapreduce-client/hadoop-mapreduce-client-shuffle/src/test/java/org/apache/hadoop/mapred/TestShuffleHandler.java...
Checking patch hadoop-mapreduce-project/hadoop-mapreduce-client/hadoop-mapreduce-client-shuffle/src/test/java/org/apache/hadoop/mapred/TestShuffleHandler.java...
Checking patch hadoop-mapreduce-project/hadoop-mapreduce-client/hadoop-mapreduce-client-shuffle/src/test/java/org/apache/hadoop/mapred/TestShuffleHandler.java...
Checking patch hadoop-mapreduce-project/hadoop-mapreduce-client/hadoop-mapreduce-client-core/src/main/java/org/apache/hadoop/mapreduce/task/reduce/Fetcher.java...
Checking patch hadoop-mapreduce-project/hadoop-mapreduce-client/hadoop-mapreduce-client-jobclient/src/test/java/org/apache/hadoop/mapred/TestReduceFetchFromPartialMem.java...
Checking patch hadoop-mapreduce-project/hadoop-mapreduce-client/hadoop-mapreduce-client-shuffle/src/main/java/org/apache/hadoop/mapred/LoggingHttpResponseEncoder.java...
Checking patch hadoop-mapreduce-project/hadoop-mapreduce-client/hadoop-mapreduce-client-shuffle/src/test/java/org/apache/hadoop/mapred/TestShuffleHandler.java...
Checking patch hadoop-mapreduce-project/hadoop-mapreduce-client/hadoop-mapreduce-client-shuffle/src/main/java/org/apache/hadoop/mapred/LoggingHttpResponseEncoder.java...
Checking patch hadoop-mapreduce-project/hadoop-mapreduce-client/hadoop-mapreduce-client-shuffle/src/main/java/org/apache/hadoop/mapred/ShuffleHandler.java...
Checking patch hadoop-mapreduce-project/hadoop-mapreduce-client/hadoop-mapreduce-client-shuffle/src/test/java/org/apache/hadoop/mapred/TestShuffleHandler.java...
Checking patch hadoop-mapreduce-project/hadoop-mapreduce-client/hadoop-mapreduce-client-shuffle/src/main/java/org/apache/hadoop/mapred/LoggingHttpResponseEncoder.java...
Checking patch hadoop-mapreduce-project/hadoop-mapreduce-client/hadoop-mapreduce-client-shuffle/src/main/java/org/apache/hadoop/mapred/ShuffleHandler.java...
Checking patch hadoop-mapreduce-project/hadoop-mapreduce-client/hadoop-mapreduce-client-shuffle/src/test/java/org/apache/hadoop/mapred/TestShuffleHandler.java...
Checking patch hadoop-mapreduce-project/hadoop-mapreduce-client/hadoop-mapreduce-client-shuffle/src/test/resources/log4j.properties...
Checking patch hadoop-mapreduce-project/hadoop-mapreduce-client/hadoop-mapreduce-client-shuffle/src/main/java/org/apache/hadoop/mapred/ShuffleHandler.java...
Checking patch hadoop-mapreduce-project/hadoop-mapreduce-client/hadoop-mapreduce-client-shuffle/src/test/java/org/apache/hadoop/mapred/TestShuffleHandler.java...
Checking patch hadoop-mapreduce-project/hadoop-mapreduce-client/hadoop-mapreduce-client-shuffle/src/test/java/org/apache/hadoop/mapred/TestShuffleHandler.java...
Checking patch hadoop-mapreduce-project/hadoop-mapreduce-client/hadoop-mapreduce-client-shuffle/src/main/java/org/apache/hadoop/mapred/ShuffleHandler.java...
Checking patch hadoop-mapreduce-project/hadoop-mapreduce-client/hadoop-mapreduce-client-shuffle/src/test/java/org/apache/hadoop/mapred/TestShuffleHandler.java...
Checking patch hadoop-mapreduce-project/hadoop-mapreduce-client/hadoop-mapreduce-client-shuffle/src/main/java/org/apache/hadoop/mapred/ShuffleHandler.java...
Checking patch hadoop-mapreduce-project/hadoop-mapreduce-client/hadoop-mapreduce-client-shuffle/src/test/java/org/apache/hadoop/mapred/TestShuffleHandler.java...
Checking patch hadoop-client-modules/hadoop-client-runtime/pom.xml...
