2022-08-30 16:11:19,534 ERROR org.apache.hadoop.mapred.ShuffleHandler: Shuffle error: 
javax.net.ssl.SSLHandshakeException: no cipher suites in common
	at sun.security.ssl.Handshaker.checkThrown(Handshaker.java:1566)
	at sun.security.ssl.SSLEngineImpl.checkTaskThrown(SSLEngineImpl.java:545)
	at sun.security.ssl.SSLEngineImpl.readNetRecord(SSLEngineImpl.java:819)
	at sun.security.ssl.SSLEngineImpl.unwrap(SSLEngineImpl.java:783)
	at javax.net.ssl.SSLEngine.unwrap(SSLEngine.java:626)
	at org.jboss.netty.handler.ssl.SslHandler.unwrap(SslHandler.java:1219)
	at org.jboss.netty.handler.ssl.SslHandler.decode(SslHandler.java:852)
	at org.jboss.netty.handler.codec.frame.FrameDecoder.callDecode(FrameDecoder.java:425)
	at org.jboss.netty.handler.codec.frame.FrameDecoder.messageReceived(FrameDecoder.java:303)
	at org.jboss.netty.channel.SimpleChannelUpstreamHandler.handleUpstream(SimpleChannelUpstreamHandler.java:70)
	at org.jboss.netty.channel.DefaultChannelPipeline.sendUpstream(DefaultChannelPipeline.java:564)
	at org.jboss.netty.channel.DefaultChannelPipeline.sendUpstream(DefaultChannelPipeline.java:559)
	at org.jboss.netty.channel.Channels.fireMessageReceived(Channels.java:268)
	at org.jboss.netty.channel.Channels.fireMessageReceived(Channels.java:255)
	at org.jboss.netty.channel.socket.nio.NioWorker.read(NioWorker.java:88)
	at org.jboss.netty.channel.socket.nio.AbstractNioWorker.process(AbstractNioWorker.java:108)
	at org.jboss.netty.channel.socket.nio.AbstractNioSelector.run(AbstractNioSelector.java:337)
	at org.jboss.netty.channel.socket.nio.AbstractNioWorker.run(AbstractNioWorker.java:89)
	at org.jboss.netty.channel.socket.nio.NioWorker.run(NioWorker.java:178)
	at org.jboss.netty.util.ThreadRenamingRunnable.run(ThreadRenamingRunnable.java:108)
	at org.jboss.netty.util.internal.DeadLockProofWorker$1.run(DeadLockProofWorker.java:42)
	at java.util.concurrent.ThreadPoolExecutor.runWorker(ThreadPoolExecutor.java:1149)
	at java.util.concurrent.ThreadPoolExecutor$Worker.run(ThreadPoolExecutor.java:624)
	at java.lang.Thread.run(Thread.java:748)
Caused by: javax.net.ssl.SSLHandshakeException: no cipher suites in common
	at sun.security.ssl.Alerts.getSSLException(Alerts.java:198)
	at sun.security.ssl.SSLEngineImpl.fatal(SSLEngineImpl.java:1667)
	at sun.security.ssl.Handshaker.fatalSE(Handshaker.java:333)
	at sun.security.ssl.Handshaker.fatalSE(Handshaker.java:321)
	at sun.security.ssl.ServerHandshaker.chooseCipherSuite(ServerHandshaker.java:1199)
	at sun.security.ssl.ServerHandshaker.clientHello(ServerHandshaker.java:853)
	at sun.security.ssl.ServerHandshaker.processMessage(ServerHandshaker.java:222)
	at sun.security.ssl.Handshaker.processLoop(Handshaker.java:1082)
	at sun.security.ssl.Handshaker$1.run(Handshaker.java:1015)
	at sun.security.ssl.Handshaker$1.run(Handshaker.java:1012)
	at java.security.AccessController.doPrivileged(Native Method)
	at sun.security.ssl.Handshaker$DelegatedTask.run(Handshaker.java:1504)
	at org.jboss.netty.handler.ssl.SslHandler.runDelegatedTasks(SslHandler.java:1393)
	at org.jboss.netty.handler.ssl.SslHandler.unwrap(SslHandler.java:1256)
	... 18 more
2022-08-30 16:11:19,535 ERROR org.apache.hadoop.mapred.ShuffleHandler: Shuffle error [id: 0x7ca5410d, /172.27.161.8:53760 => /172.27.161.8:13562] EXCEPTION: javax.net.ssl.SSLHandshakeException: no cipher suites in common
2022-08-30 16:12:19,510 ERROR org.apache.hadoop.mapred.ShuffleHandler: Shuffle error: 
javax.net.ssl.SSLHandshakeException: no cipher suites in common
	at sun.security.ssl.Handshaker.checkThrown(Handshaker.java:1566)
	at sun.security.ssl.SSLEngineImpl.checkTaskThrown(SSLEngineImpl.java:545)
	at sun.security.ssl.SSLEngineImpl.readNetRecord(SSLEngineImpl.java:819)
	at sun.security.ssl.SSLEngineImpl.unwrap(SSLEngineImpl.java:783)
	at javax.net.ssl.SSLEngine.unwrap(SSLEngine.java:626)
	at org.jboss.netty.handler.ssl.SslHandler.unwrap(SslHandler.java:1219)
	at org.jboss.netty.handler.ssl.SslHandler.decode(SslHandler.java:852)
	at org.jboss.netty.handler.codec.frame.FrameDecoder.callDecode(FrameDecoder.java:425)
	at org.jboss.netty.handler.codec.frame.FrameDecoder.messageReceived(FrameDecoder.java:303)
	at org.jboss.netty.channel.SimpleChannelUpstreamHandler.handleUpstream(SimpleChannelUpstreamHandler.java:70)
	at org.jboss.netty.channel.DefaultChannelPipeline.sendUpstream(DefaultChannelPipeline.java:564)
	at org.jboss.netty.channel.DefaultChannelPipeline.sendUpstream(DefaultChannelPipeline.java:559)
	at org.jboss.netty.channel.Channels.fireMessageReceived(Channels.java:268)
	at org.jboss.netty.channel.Channels.fireMessageReceived(Channels.java:255)
	at org.jboss.netty.channel.socket.nio.NioWorker.read(NioWorker.java:88)
	at org.jboss.netty.channel.socket.nio.AbstractNioWorker.process(AbstractNioWorker.java:108)
	at org.jboss.netty.channel.socket.nio.AbstractNioSelector.run(AbstractNioSelector.java:337)
	at org.jboss.netty.channel.socket.nio.AbstractNioWorker.run(AbstractNioWorker.java:89)
	at org.jboss.netty.channel.socket.nio.NioWorker.run(NioWorker.java:178)
	at org.jboss.netty.util.ThreadRenamingRunnable.run(ThreadRenamingRunnable.java:108)
	at org.jboss.netty.util.internal.DeadLockProofWorker$1.run(DeadLockProofWorker.java:42)
	at java.util.concurrent.ThreadPoolExecutor.runWorker(ThreadPoolExecutor.java:1149)
	at java.util.concurrent.ThreadPoolExecutor$Worker.run(ThreadPoolExecutor.java:624)
	at java.lang.Thread.run(Thread.java:748)
Caused by: javax.net.ssl.SSLHandshakeException: no cipher suites in common
	at sun.security.ssl.Alerts.getSSLException(Alerts.java:198)
	at sun.security.ssl.SSLEngineImpl.fatal(SSLEngineImpl.java:1667)
	at sun.security.ssl.Handshaker.fatalSE(Handshaker.java:333)
	at sun.security.ssl.Handshaker.fatalSE(Handshaker.java:321)
	at sun.security.ssl.ServerHandshaker.chooseCipherSuite(ServerHandshaker.java:1199)
	at sun.security.ssl.ServerHandshaker.clientHello(ServerHandshaker.java:853)
	at sun.security.ssl.ServerHandshaker.processMessage(ServerHandshaker.java:222)
	at sun.security.ssl.Handshaker.processLoop(Handshaker.java:1082)
	at sun.security.ssl.Handshaker$1.run(Handshaker.java:1015)
	at sun.security.ssl.Handshaker$1.run(Handshaker.java:1012)
	at java.security.AccessController.doPrivileged(Native Method)
	at sun.security.ssl.Handshaker$DelegatedTask.run(Handshaker.java:1504)
	at org.jboss.netty.handler.ssl.SslHandler.runDelegatedTasks(SslHandler.java:1393)
	at org.jboss.netty.handler.ssl.SslHandler.unwrap(SslHandler.java:1256)
	... 18 more
2022-08-30 16:12:19,511 ERROR org.apache.hadoop.mapred.ShuffleHandler: Shuffle error [id: 0xc33d68bb, /172.27.161.8:55290 => /172.27.161.8:13562] EXCEPTION: javax.net.ssl.SSLHandshakeException: no cipher suites in common
2022-08-30 16:12:19,582 INFO org.apache.hadoop.yarn.server.nodemanager.containermanager.launcher.ContainerLaunch: Container container_1661900817494_0001_01_000004 succeeded 
2022-08-30 16:12:19,583 INFO org.apache.hadoop.yarn.server.nodemanager.containermanager.container.ContainerImpl: Container container_1661900817494_0001_01_000004 transitioned from RUNNING to EXITED_WITH_SUCCESS
2022-08-30 16:12:19,583 INFO org.apache.hadoop.yarn.server.nodemanager.containermanager.launcher.ContainerCleanup: Cleaning up container container_1661900817494_0001_01_000004
2022-08-30 16:12:19,585 INFO org.apache.hadoop.yarn.server.nodemanager.containermanager.container.ContainerImpl: Container container_1661900817494_0001_01_000004 transitioned from EXITED_WITH_SUCCESS to DONE
2022-08-30 16:12:19,585 INFO org.apache.hadoop.yarn.server.nodemanager.containermanager.application.ApplicationImpl: Removing container_1661900817494_0001_01_000004 from application application_1661900817494_0001
2022-08-30 16:12:19,585 INFO org.apache.hadoop.yarn.server.nodemanager.containermanager.monitor.ContainersMonitorImpl: Stopping resource-monitoring for container_1661900817494_0001_01_000004
2022-08-30 16:12:19,585 INFO org.apache.hadoop.yarn.server.nodemanager.containermanager.AuxServices: Got event CONTAINER_STOP for appId application_1661900817494_0001
2022-08-30 16:12:19,610 INFO org.apache.hadoop.yarn.server.nodemanager.DefaultContainerExecutor: Deleting absolute path : /tmp/hadoop-systest/nm-local-dir/usercache/systest/appcache/application_1661900817494_0001/container_1661900817494_0001_01_000004/launch_container.sh
2022-08-30 16:12:19,611 INFO org.apache.hadoop.yarn.server.nodemanager.DefaultContainerExecutor: Deleting absolute path : /tmp/hadoop-systest/nm-local-dir/usercache/systest/appcache/application_1661900817494_0001/container_1661900817494_0001_01_000004/container_tokens
2022-08-30 16:12:19,611 INFO org.apache.hadoop.yarn.server.nodemanager.DefaultContainerExecutor: Deleting absolute path : /tmp/hadoop-systest/nm-local-dir/usercache/systest/appcache/application_1661900817494_0001/container_1661900817494_0001_01_000004/sysfs
2022-08-30 16:12:19,611 WARN org.apache.hadoop.yarn.server.nodemanager.DefaultContainerExecutor: delete returned false for path: [/tmp/hadoop-systest/nm-local-dir/usercache/systest/appcache/application_1661900817494_0001/container_1661900817494_0001_01_000004/sysfs]
2022-08-30 16:12:21,591 INFO org.apache.hadoop.yarn.server.nodemanager.NodeStatusUpdaterImpl: Removed completed containers from NM context: [container_1661900817494_0001_01_000004]
2022-08-30 16:12:24,571 ERROR org.apache.hadoop.mapred.ShuffleHandler: Shuffle error: 
javax.net.ssl.SSLHandshakeException: no cipher suites in common
	at sun.security.ssl.Handshaker.checkThrown(Handshaker.java:1566)
	at sun.security.ssl.SSLEngineImpl.checkTaskThrown(SSLEngineImpl.java:545)
	at sun.security.ssl.SSLEngineImpl.readNetRecord(SSLEngineImpl.java:819)
	at sun.security.ssl.SSLEngineImpl.unwrap(SSLEngineImpl.java:783)
	at javax.net.ssl.SSLEngine.unwrap(SSLEngine.java:626)
	at org.jboss.netty.handler.ssl.SslHandler.unwrap(SslHandler.java:1219)
	at org.jboss.netty.handler.ssl.SslHandler.decode(SslHandler.java:852)
	at org.jboss.netty.handler.codec.frame.FrameDecoder.callDecode(FrameDecoder.java:425)
	at org.jboss.netty.handler.codec.frame.FrameDecoder.messageReceived(FrameDecoder.java:303)
	at org.jboss.netty.channel.SimpleChannelUpstreamHandler.handleUpstream(SimpleChannelUpstreamHandler.java:70)
	at org.jboss.netty.channel.DefaultChannelPipeline.sendUpstream(DefaultChannelPipeline.java:564)
	at org.jboss.netty.channel.DefaultChannelPipeline.sendUpstream(DefaultChannelPipeline.java:559)
	at org.jboss.netty.channel.Channels.fireMessageReceived(Channels.java:268)
	at org.jboss.netty.channel.Channels.fireMessageReceived(Channels.java:255)
	at org.jboss.netty.channel.socket.nio.NioWorker.read(NioWorker.java:88)
	at org.jboss.netty.channel.socket.nio.AbstractNioWorker.process(AbstractNioWorker.java:108)
	at org.jboss.netty.channel.socket.nio.AbstractNioSelector.run(AbstractNioSelector.java:337)
	at org.jboss.netty.channel.socket.nio.AbstractNioWorker.run(AbstractNioWorker.java:89)
	at org.jboss.netty.channel.socket.nio.NioWorker.run(NioWorker.java:178)
	at org.jboss.netty.util.ThreadRenamingRunnable.run(ThreadRenamingRunnable.java:108)
	at org.jboss.netty.util.internal.DeadLockProofWorker$1.run(DeadLockProofWorker.java:42)
	at java.util.concurrent.ThreadPoolExecutor.runWorker(ThreadPoolExecutor.java:1149)
	at java.util.concurrent.ThreadPoolExecutor$Worker.run(ThreadPoolExecutor.java:624)
	at java.lang.Thread.run(Thread.java:748)
Caused by: javax.net.ssl.SSLHandshakeException: no cipher suites in common
	at sun.security.ssl.Alerts.getSSLException(Alerts.java:198)
	at sun.security.ssl.SSLEngineImpl.fatal(SSLEngineImpl.java:1667)
	at sun.security.ssl.Handshaker.fatalSE(Handshaker.java:333)
	at sun.security.ssl.Handshaker.fatalSE(Handshaker.java:321)
	at sun.security.ssl.ServerHandshaker.chooseCipherSuite(ServerHandshaker.java:1199)
	at sun.security.ssl.ServerHandshaker.clientHello(ServerHandshaker.java:853)
	at sun.security.ssl.ServerHandshaker.processMessage(ServerHandshaker.java:222)
	at sun.security.ssl.Handshaker.processLoop(Handshaker.java:1082)
	at sun.security.ssl.Handshaker$1.run(Handshaker.java:1015)
	at sun.security.ssl.Handshaker$1.run(Handshaker.java:1012)
	at java.security.AccessController.doPrivileged(Native Method)
	at sun.security.ssl.Handshaker$DelegatedTask.run(Handshaker.java:1504)
	at org.jboss.netty.handler.ssl.SslHandler.runDelegatedTasks(SslHandler.java:1393)
	at org.jboss.netty.handler.ssl.SslHandler.unwrap(SslHandler.java:1256)
	... 18 more
2022-08-30 16:12:24,572 ERROR org.apache.hadoop.mapred.ShuffleHandler: Shuffle error [id: 0x03a1999f, /172.27.13.202:41628 => /172.27.161.8:13562] EXCEPTION: javax.net.ssl.SSLHandshakeException: no cipher suites in common