GeneralSecurityException: The property 'ssl.server.keystore.location' has not been set in the ssl configuration file.


...skipping...gs/hadoop-systest-nodemanager-ccycloud-2.snemeth-netty4.root.hwx.site.log
        at org.apache.hadoop.service.AbstractService.start(AbstractService.java:195)
        at org.apache.hadoop.yarn.server.nodemanager.containermanager.AuxServices.startAuxService(AuxServices.java:782)
        at org.apache.hadoop.yarn.server.nodemanager.containermanager.AuxServices.serviceStart(AuxServices.java:805)
        at org.apache.hadoop.service.AbstractService.start(AbstractService.java:195)
        at org.apache.hadoop.service.CompositeService.serviceStart(CompositeService.java:123)
        at org.apache.hadoop.yarn.server.nodemanager.containermanager.ContainerManagerImpl.serviceStart(ContainerManagerImpl.java:665)
        at org.apache.hadoop.service.AbstractService.start(AbstractService.java:195)
        at org.apache.hadoop.service.CompositeService.serviceStart(CompositeService.java:123)
        at org.apache.hadoop.service.AbstractService.start(AbstractService.java:195)
        at org.apache.hadoop.yarn.server.nodemanager.NodeManager.initAndStartNodeManager(NodeManager.java:963)
        at org.apache.hadoop.yarn.server.nodemanager.NodeManager.main(NodeManager.java:1042)
Caused by: java.security.GeneralSecurityException: The property 'ssl.server.keystore.location' has not been set in the ssl configuration file.
        at org.apache.hadoop.security.ssl.FileBasedKeyStoresFactory.createKeyManagersFromConfiguration(FileBasedKeyStoresFactory.java:167)
        at org.apache.hadoop.security.ssl.FileBasedKeyStoresFactory.init(FileBasedKeyStoresFactory.java:272)
        at org.apache.hadoop.security.ssl.SSLFactory.init(SSLFactory.java:195)
        at org.apache.hadoop.mapred.ShuffleHandler$HttpPipelineFactory.<init>(ShuffleHandler.java:816)
        at org.apache.hadoop.mapred.ShuffleHandler.serviceStart(ShuffleHandler.java:547)
        ... 11 more
2022-08-30 06:36:02,910 WARN org.apache.hadoop.yarn.server.nodemanager.NodeResourceMonitorImpl: org.apache.hadoop.yarn.server.nodemanager.NodeResourceMonitorImpl is interrupted. E
xiting.
2022-08-30 06:36:02,911 INFO org.apache.hadoop.metrics2.impl.MetricsSystemImpl: Stopping NodeManager metrics system...
2022-08-30 06:36:02,911 INFO org.apache.hadoop.metrics2.impl.MetricsSystemImpl: NodeManager metrics system stopped.
2022-08-30 06:36:02,911 INFO org.apache.hadoop.metrics2.impl.MetricsSystemImpl: NodeManager metrics system shutdown complete.
2022-08-30 06:36:02,912 ERROR org.apache.hadoop.yarn.server.nodemanager.NodeManager: Error starting NodeManager
java.lang.RuntimeException: java.security.GeneralSecurityException: The property 'ssl.server.keystore.location' has not been set in the ssl configuration file.
        at org.apache.hadoop.mapred.ShuffleHandler.serviceStart(ShuffleHandler.java:549)
        at org.apache.hadoop.service.AbstractService.start(AbstractService.java:195)
        at org.apache.hadoop.yarn.server.nodemanager.containermanager.AuxServices.startAuxService(AuxServices.java:782)
        at org.apache.hadoop.yarn.server.nodemanager.containermanager.AuxServices.serviceStart(AuxServices.java:805)
        at org.apache.hadoop.service.AbstractService.start(AbstractService.java:195)
        at org.apache.hadoop.service.CompositeService.serviceStart(CompositeService.java:123)
        at org.apache.hadoop.yarn.server.nodemanager.containermanager.ContainerManagerImpl.serviceStart(ContainerManagerImpl.java:665)
        at org.apache.hadoop.service.AbstractService.start(AbstractService.java:195)
        at org.apache.hadoop.service.CompositeService.serviceStart(CompositeService.java:123)
        at org.apache.hadoop.service.AbstractService.start(AbstractService.java:195)
        at org.apache.hadoop.yarn.server.nodemanager.NodeManager.initAndStartNodeManager(NodeManager.java:963)
        at org.apache.hadoop.yarn.server.nodemanager.NodeManager.main(NodeManager.java:1042)
Caused by: java.security.GeneralSecurityException: The property 'ssl.server.keystore.location' has not been set in the ssl configuration file.
        at org.apache.hadoop.security.ssl.FileBasedKeyStoresFactory.createKeyManagersFromConfiguration(FileBasedKeyStoresFactory.java:167)
        at org.apache.hadoop.security.ssl.FileBasedKeyStoresFactory.init(FileBasedKeyStoresFactory.java:272)
        at org.apache.hadoop.security.ssl.SSLFactory.init(SSLFactory.java:195)
        at org.apache.hadoop.mapred.ShuffleHandler$HttpPipelineFactory.<init>(ShuffleHandler.java:816)
        at org.apache.hadoop.mapred.ShuffleHandler.serviceStart(ShuffleHandler.java:547)
        ... 11 more
2022-08-30 06:36:02,912 INFO org.apache.hadoop.yarn.server.nodemanager.containermanager.localizer.ResourceLocalizationService: Public cache exiting
2022-08-30 06:36:02,914 INFO org.apache.hadoop.yarn.server.nodemanager.NodeManager: SHUTDOWN_MSG: 
/************************************************************
SHUTDOWN_MSG: Shutting down NodeManager at ccycloud-2.snemeth-netty4.root.hwx.site/172.27.161.8
************************************************************/
